#
# There is insufficient memory for the Java Runtime Environment to continue.
# Native memory allocation (mmap) failed to map 65536 bytes for Failed to commit metaspace.
# Possible reasons:
#   The system is out of physical RAM or swap space
#   The process is running with CompressedOops enabled, and the Java Heap may be blocking the growth of the native heap
# Possible solutions:
#   Reduce memory load on the system
#   Increase physical memory or swap space
#   Check if swap backing store is full
#   Decrease Java heap size (-Xmx/-Xms)
#   Decrease number of Java threads
#   Decrease Java thread stack sizes (-Xss)
#   Set larger code cache with -XX:ReservedCodeCacheSize=
#   JVM is running with Zero Based Compressed Oops mode in which the Java heap is
#     placed in the first 32GB address space. The Java Heap base address is the
#     maximum limit for the native heap growth. Please use -XX:HeapBaseMinAddress
#     to set the Java Heap base and to place the Java Heap above 32GB virtual address.
# This output file may be truncated or incomplete.
#
#  Out of Memory Error (virtualSpaceNode.cpp:110), pid=13404, tid=14200
#
# JRE version: OpenJDK Runtime Environment (17.0.6) (build 17.0.6+0-b2043.56-10027231)
# Java VM: OpenJDK 64-Bit Server VM (17.0.6+0-b2043.56-10027231, mixed mode, tiered, compressed oops, compressed class ptrs, g1 gc, windows-amd64)
# No core dump will be written. Minidumps are not enabled by default on client versions of Windows
#

---------------  S U M M A R Y ------------

Command Line: org.jetbrains.kotlin.cli.jvm.K2JVMCompiler @C:\Users\lukak\Desktop\2023-DAP-RIMASA-main\TPFinalDAP\app\build\20231115_9219173898818110242.compiler.options

Host: AMD Ryzen 5 3400G with Radeon Vega Graphics    , 8 cores, 13G,  Windows 10 , 64 bit Build 19041 (10.0.19041.3636)
Time: Wed Nov 15 21:25:03 2023 Hora estándar de Argentina elapsed time: 0.127573 seconds (0d 0h 0m 0s)

---------------  T H R E A D  ---------------

Current thread (0x00000224a52baf40):  JavaThread "main" [_thread_in_vm, id=14200, stack(0x0000002c1c600000,0x0000002c1c700000)]

Stack: [0x0000002c1c600000,0x0000002c1c700000]
Native frames: (J=compiled Java code, j=interpreted, Vv=VM code, C=native code)
V  [jvm.dll+0x683c9a]
V  [jvm.dll+0x8427a4]
V  [jvm.dll+0x843f9e]
V  [jvm.dll+0x844603]
V  [jvm.dll+0x249b75]
V  [jvm.dll+0x83e7fb]
V  [jvm.dll+0x628006]
V  [jvm.dll+0x1c194e]
V  [jvm.dll+0x62a941]
V  [jvm.dll+0x6289a6]
V  [jvm.dll+0x23ef80]
V  [jvm.dll+0x1ee40d]
V  [jvm.dll+0x1e3dcc]
V  [jvm.dll+0x547fed]
V  [jvm.dll+0x7bd3d5]
V  [jvm.dll+0x7bd4ee]
V  [jvm.dll+0x41182a]
V  [jvm.dll+0x4179a9]
C  [java.dll+0x17ec]

Java frames: (J=compiled Java code, j=interpreted, Vv=VM code)
j  java.lang.ClassLoader.defineClass1(Ljava/lang/ClassLoader;Ljava/lang/String;[BIILjava/security/ProtectionDomain;Ljava/lang/String;)Ljava/lang/Class;+0 java.base@17.0.6
j  java.lang.ClassLoader.defineClass(Ljava/lang/String;[BIILjava/security/ProtectionDomain;)Ljava/lang/Class;+27 java.base@17.0.6
j  java.security.SecureClassLoader.defineClass(Ljava/lang/String;[BIILjava/security/CodeSource;)Ljava/lang/Class;+12 java.base@17.0.6
j  jdk.internal.loader.BuiltinClassLoader.defineClass(Ljava/lang/String;Ljdk/internal/loader/Resource;)Ljava/lang/Class;+117 java.base@17.0.6
j  jdk.internal.loader.BuiltinClassLoader.findClassOnClassPathOrNull(Ljava/lang/String;)Ljava/lang/Class;+37 java.base@17.0.6
j  jdk.internal.loader.BuiltinClassLoader.loadClassOrNull(Ljava/lang/String;Z)Ljava/lang/Class;+111 java.base@17.0.6
j  jdk.internal.loader.BuiltinClassLoader.loadClass(Ljava/lang/String;Z)Ljava/lang/Class;+3 java.base@17.0.6
j  jdk.internal.loader.ClassLoaders$AppClassLoader.loadClass(Ljava/lang/String;Z)Ljava/lang/Class;+36 java.base@17.0.6
j  java.lang.ClassLoader.loadClass(Ljava/lang/String;)Ljava/lang/Class;+3 java.base@17.0.6
v  ~StubRoutines::call_stub
j  java.lang.Class.getDeclaredMethods0(Z)[Ljava/lang/reflect/Method;+0 java.base@17.0.6
j  java.lang.Class.privateGetDeclaredMethods(Z)[Ljava/lang/reflect/Method;+34 java.base@17.0.6
j  java.lang.Class.getMethodsRecursive(Ljava/lang/String;[Ljava/lang/Class;Z)Ljava/lang/PublicMethods$MethodList;+2 java.base@17.0.6
j  java.lang.Class.getMethod0(Ljava/lang/String;[Ljava/lang/Class;)Ljava/lang/reflect/Method;+14 java.base@17.0.6
j  java.lang.Class.getMethod(Ljava/lang/String;[Ljava/lang/Class;)Ljava/lang/reflect/Method;+26 java.base@17.0.6
j  sun.launcher.LauncherHelper.validateMainClass(Ljava/lang/Class;)V+16 java.base@17.0.6
j  sun.launcher.LauncherHelper.checkAndLoadMain(ZILjava/lang/String;)Ljava/lang/Class;+80 java.base@17.0.6
v  ~StubRoutines::call_stub

---------------  P R O C E S S  ---------------

Threads class SMR info:
_java_thread_list=0x00000224c55cf010, length=13, elements={
0x00000224a52baf40, 0x00000224c49a5490, 0x00000224c49a8870, 0x00000224c49be7b0,
0x00000224c54391e0, 0x00000224c543c250, 0x00000224c543d2b0, 0x00000224c543e640,
0x00000224c5465810, 0x00000224c5466110, 0x00000224c55caf90, 0x00000224c55d0480,
0x00000224c5668810
}

Java Threads: ( => current thread )
=>0x00000224a52baf40 JavaThread "main" [_thread_in_vm, id=14200, stack(0x0000002c1c600000,0x0000002c1c700000)]
  0x00000224c49a5490 JavaThread "Reference Handler" daemon [_thread_blocked, id=4036, stack(0x0000002c1cd00000,0x0000002c1ce00000)]
  0x00000224c49a8870 JavaThread "Finalizer" daemon [_thread_blocked, id=2344, stack(0x0000002c1ce00000,0x0000002c1cf00000)]
  0x00000224c49be7b0 JavaThread "Signal Dispatcher" daemon [_thread_blocked, id=13204, stack(0x0000002c1cf00000,0x0000002c1d000000)]
  0x00000224c54391e0 JavaThread "Attach Listener" daemon [_thread_blocked, id=7520, stack(0x0000002c1d000000,0x0000002c1d100000)]
  0x00000224c543c250 JavaThread "Service Thread" daemon [_thread_blocked, id=752, stack(0x0000002c1d100000,0x0000002c1d200000)]
  0x00000224c543d2b0 JavaThread "Monitor Deflation Thread" daemon [_thread_blocked, id=8872, stack(0x0000002c1d200000,0x0000002c1d300000)]
  0x00000224c543e640 JavaThread "C2 CompilerThread0" daemon [_thread_blocked, id=8276, stack(0x0000002c1d300000,0x0000002c1d400000)]
  0x00000224c5465810 JavaThread "C1 CompilerThread0" daemon [_thread_blocked, id=8612, stack(0x0000002c1d400000,0x0000002c1d500000)]
  0x00000224c5466110 JavaThread "Sweeper thread" daemon [_thread_blocked, id=3244, stack(0x0000002c1d500000,0x0000002c1d600000)]
  0x00000224c55caf90 JavaThread "Notification Thread" daemon [_thread_blocked, id=9312, stack(0x0000002c1d600000,0x0000002c1d700000)]
  0x00000224c55d0480 JavaThread "Common-Cleaner" daemon [_thread_blocked, id=10492, stack(0x0000002c1d800000,0x0000002c1d900000)]
  0x00000224c5668810 JavaThread "C2 CompilerThread1" daemon [_thread_blocked, id=9148, stack(0x0000002c1d900000,0x0000002c1da00000)]

Other Threads:
  0x00000224c5420a10 VMThread "VM Thread" [stack: 0x0000002c1cc00000,0x0000002c1cd00000] [id=11764]
  0x00000224a5335390 WatcherThread [stack: 0x0000002c1d700000,0x0000002c1d800000] [id=3124]
  0x00000224a531d010 GCTaskThread "GC Thread#0" [stack: 0x0000002c1c700000,0x0000002c1c800000] [id=15356]
  0x00000224a532d2a0 ConcurrentGCThread "G1 Main Marker" [stack: 0x0000002c1c800000,0x0000002c1c900000] [id=4724]
  0x00000224a532e450 ConcurrentGCThread "G1 Conc#0" [stack: 0x0000002c1c900000,0x0000002c1ca00000] [id=8808]
  0x00000224a537fea0 ConcurrentGCThread "G1 Refine#0" [stack: 0x0000002c1ca00000,0x0000002c1cb00000] [id=15196]
  0x00000224a53808c0 ConcurrentGCThread "G1 Service" [stack: 0x0000002c1cb00000,0x0000002c1cc00000] [id=7268]

Threads with active compile tasks:

VM state: not at safepoint (normal execution)

VM Mutex/Monitor currently owned by a thread:  ([mutex/lock_event])
[0x00000224a52b3030] Metaspace_lock - owner thread: 0x00000224a52baf40

Heap address: 0x0000000720c00000, size: 3572 MB, Compressed Oops mode: Zero based, Oop shift amount: 3

CDS archive(s) not mapped
Compressed class space mapped at: 0x0000000800000000-0x0000000840000000, reserved size: 1073741824
Narrow klass base: 0x0000000800000000, Narrow klass shift: 0, Narrow klass range: 0x40000000

GC Precious Log:
 CPUs: 8 total, 8 available
 Memory: 14284M
 Large Page Support: Disabled
 NUMA Support: Disabled
 Compressed Oops: Enabled (Zero based)
 Heap Region Size: 2M
 Heap Min Capacity: 8M
 Heap Initial Capacity: 224M
 Heap Max Capacity: 3572M
 Pre-touch: Disabled
 Parallel Workers: 8
 Concurrent Workers: 2
 Concurrent Refinement Workers: 8
 Periodic GC: Disabled

Heap:
 garbage-first heap   total 229376K, used 6144K [0x0000000720c00000, 0x0000000800000000)
  region size 2048K, 2 young (4096K), 0 survivors (0K)
 Metaspace       used 4819K, committed 4928K, reserved 1056768K
  class space    used 415K, committed 512K, reserved 1048576K

Heap Regions: E=young(eden), S=young(survivor), O=old, HS=humongous(starts), HC=humongous(continues), CS=collection set, F=free, OA=open archive, CA=closed archive, TAMS=top-at-mark-start (previous, next)
|   0|0x0000000720c00000, 0x0000000720e00000, 0x0000000720e00000|100%|HS|  |TAMS 0x0000000720c00000, 0x0000000720c00000| Complete 
|   1|0x0000000720e00000, 0x0000000721000000, 0x0000000721000000|100%|HC|  |TAMS 0x0000000720e00000, 0x0000000720e00000| Complete 
|   2|0x0000000721000000, 0x0000000721000000, 0x0000000721200000|  0%| F|  |TAMS 0x0000000721000000, 0x0000000721000000| Untracked 
|   3|0x0000000721200000, 0x0000000721200000, 0x0000000721400000|  0%| F|  |TAMS 0x0000000721200000, 0x0000000721200000| Untracked 
|   4|0x0000000721400000, 0x0000000721400000, 0x0000000721600000|  0%| F|  |TAMS 0x0000000721400000, 0x0000000721400000| Untracked 
|   5|0x0000000721600000, 0x0000000721600000, 0x0000000721800000|  0%| F|  |TAMS 0x0000000721600000, 0x0000000721600000| Untracked 
|   6|0x0000000721800000, 0x0000000721800000, 0x0000000721a00000|  0%| F|  |TAMS 0x0000000721800000, 0x0000000721800000| Untracked 
|   7|0x0000000721a00000, 0x0000000721a00000, 0x0000000721c00000|  0%| F|  |TAMS 0x0000000721a00000, 0x0000000721a00000| Untracked 
|   8|0x0000000721c00000, 0x0000000721c00000, 0x0000000721e00000|  0%| F|  |TAMS 0x0000000721c00000, 0x0000000721c00000| Untracked 
|   9|0x0000000721e00000, 0x0000000721e00000, 0x0000000722000000|  0%| F|  |TAMS 0x0000000721e00000, 0x0000000721e00000| Untracked 
|  10|0x0000000722000000, 0x0000000722000000, 0x0000000722200000|  0%| F|  |TAMS 0x0000000722000000, 0x0000000722000000| Untracked 
|  11|0x0000000722200000, 0x0000000722200000, 0x0000000722400000|  0%| F|  |TAMS 0x0000000722200000, 0x0000000722200000| Untracked 
|  12|0x0000000722400000, 0x0000000722400000, 0x0000000722600000|  0%| F|  |TAMS 0x0000000722400000, 0x0000000722400000| Untracked 
|  13|0x0000000722600000, 0x0000000722600000, 0x0000000722800000|  0%| F|  |TAMS 0x0000000722600000, 0x0000000722600000| Untracked 
|  14|0x0000000722800000, 0x0000000722800000, 0x0000000722a00000|  0%| F|  |TAMS 0x0000000722800000, 0x0000000722800000| Untracked 
|  15|0x0000000722a00000, 0x0000000722a00000, 0x0000000722c00000|  0%| F|  |TAMS 0x0000000722a00000, 0x0000000722a00000| Untracked 
|  16|0x0000000722c00000, 0x0000000722c00000, 0x0000000722e00000|  0%| F|  |TAMS 0x0000000722c00000, 0x0000000722c00000| Untracked 
|  17|0x0000000722e00000, 0x0000000722e00000, 0x0000000723000000|  0%| F|  |TAMS 0x0000000722e00000, 0x0000000722e00000| Untracked 
|  18|0x0000000723000000, 0x0000000723000000, 0x0000000723200000|  0%| F|  |TAMS 0x0000000723000000, 0x0000000723000000| Untracked 
|  19|0x0000000723200000, 0x0000000723200000, 0x0000000723400000|  0%| F|  |TAMS 0x0000000723200000, 0x0000000723200000| Untracked 
|  20|0x0000000723400000, 0x0000000723400000, 0x0000000723600000|  0%| F|  |TAMS 0x0000000723400000, 0x0000000723400000| Untracked 
|  21|0x0000000723600000, 0x0000000723600000, 0x0000000723800000|  0%| F|  |TAMS 0x0000000723600000, 0x0000000723600000| Untracked 
|  22|0x0000000723800000, 0x0000000723800000, 0x0000000723a00000|  0%| F|  |TAMS 0x0000000723800000, 0x0000000723800000| Untracked 
|  23|0x0000000723a00000, 0x0000000723a00000, 0x0000000723c00000|  0%| F|  |TAMS 0x0000000723a00000, 0x0000000723a00000| Untracked 
|  24|0x0000000723c00000, 0x0000000723c00000, 0x0000000723e00000|  0%| F|  |TAMS 0x0000000723c00000, 0x0000000723c00000| Untracked 
|  25|0x0000000723e00000, 0x0000000723e00000, 0x0000000724000000|  0%| F|  |TAMS 0x0000000723e00000, 0x0000000723e00000| Untracked 
|  26|0x0000000724000000, 0x0000000724000000, 0x0000000724200000|  0%| F|  |TAMS 0x0000000724000000, 0x0000000724000000| Untracked 
|  27|0x0000000724200000, 0x0000000724200000, 0x0000000724400000|  0%| F|  |TAMS 0x0000000724200000, 0x0000000724200000| Untracked 
|  28|0x0000000724400000, 0x0000000724400000, 0x0000000724600000|  0%| F|  |TAMS 0x0000000724400000, 0x0000000724400000| Untracked 
|  29|0x0000000724600000, 0x0000000724600000, 0x0000000724800000|  0%| F|  |TAMS 0x0000000724600000, 0x0000000724600000| Untracked 
|  30|0x0000000724800000, 0x0000000724800000, 0x0000000724a00000|  0%| F|  |TAMS 0x0000000724800000, 0x0000000724800000| Untracked 
|  31|0x0000000724a00000, 0x0000000724a00000, 0x0000000724c00000|  0%| F|  |TAMS 0x0000000724a00000, 0x0000000724a00000| Untracked 
|  32|0x0000000724c00000, 0x0000000724c00000, 0x0000000724e00000|  0%| F|  |TAMS 0x0000000724c00000, 0x0000000724c00000| Untracked 
|  33|0x0000000724e00000, 0x0000000724e00000, 0x0000000725000000|  0%| F|  |TAMS 0x0000000724e00000, 0x0000000724e00000| Untracked 
|  34|0x0000000725000000, 0x0000000725000000, 0x0000000725200000|  0%| F|  |TAMS 0x0000000725000000, 0x0000000725000000| Untracked 
|  35|0x0000000725200000, 0x0000000725200000, 0x0000000725400000|  0%| F|  |TAMS 0x0000000725200000, 0x0000000725200000| Untracked 
|  36|0x0000000725400000, 0x0000000725400000, 0x0000000725600000|  0%| F|  |TAMS 0x0000000725400000, 0x0000000725400000| Untracked 
|  37|0x0000000725600000, 0x0000000725600000, 0x0000000725800000|  0%| F|  |TAMS 0x0000000725600000, 0x0000000725600000| Untracked 
|  38|0x0000000725800000, 0x0000000725800000, 0x0000000725a00000|  0%| F|  |TAMS 0x0000000725800000, 0x0000000725800000| Untracked 
|  39|0x0000000725a00000, 0x0000000725a00000, 0x0000000725c00000|  0%| F|  |TAMS 0x0000000725a00000, 0x0000000725a00000| Untracked 
|  40|0x0000000725c00000, 0x0000000725c00000, 0x0000000725e00000|  0%| F|  |TAMS 0x0000000725c00000, 0x0000000725c00000| Untracked 
|  41|0x0000000725e00000, 0x0000000725e00000, 0x0000000726000000|  0%| F|  |TAMS 0x0000000725e00000, 0x0000000725e00000| Untracked 
|  42|0x0000000726000000, 0x0000000726000000, 0x0000000726200000|  0%| F|  |TAMS 0x0000000726000000, 0x0000000726000000| Untracked 
|  43|0x0000000726200000, 0x0000000726200000, 0x0000000726400000|  0%| F|  |TAMS 0x0000000726200000, 0x0000000726200000| Untracked 
|  44|0x0000000726400000, 0x0000000726400000, 0x0000000726600000|  0%| F|  |TAMS 0x0000000726400000, 0x0000000726400000| Untracked 
|  45|0x0000000726600000, 0x0000000726600000, 0x0000000726800000|  0%| F|  |TAMS 0x0000000726600000, 0x0000000726600000| Untracked 
|  46|0x0000000726800000, 0x0000000726800000, 0x0000000726a00000|  0%| F|  |TAMS 0x0000000726800000, 0x0000000726800000| Untracked 
|  47|0x0000000726a00000, 0x0000000726a00000, 0x0000000726c00000|  0%| F|  |TAMS 0x0000000726a00000, 0x0000000726a00000| Untracked 
|  48|0x0000000726c00000, 0x0000000726c00000, 0x0000000726e00000|  0%| F|  |TAMS 0x0000000726c00000, 0x0000000726c00000| Untracked 
|  49|0x0000000726e00000, 0x0000000726e00000, 0x0000000727000000|  0%| F|  |TAMS 0x0000000726e00000, 0x0000000726e00000| Untracked 
|  50|0x0000000727000000, 0x0000000727000000, 0x0000000727200000|  0%| F|  |TAMS 0x0000000727000000, 0x0000000727000000| Untracked 
|  51|0x0000000727200000, 0x0000000727200000, 0x0000000727400000|  0%| F|  |TAMS 0x0000000727200000, 0x0000000727200000| Untracked 
|  52|0x0000000727400000, 0x0000000727400000, 0x0000000727600000|  0%| F|  |TAMS 0x0000000727400000, 0x0000000727400000| Untracked 
|  53|0x0000000727600000, 0x0000000727600000, 0x0000000727800000|  0%| F|  |TAMS 0x0000000727600000, 0x0000000727600000| Untracked 
|  54|0x0000000727800000, 0x0000000727800000, 0x0000000727a00000|  0%| F|  |TAMS 0x0000000727800000, 0x0000000727800000| Untracked 
|  55|0x0000000727a00000, 0x0000000727a00000, 0x0000000727c00000|  0%| F|  |TAMS 0x0000000727a00000, 0x0000000727a00000| Untracked 
|  56|0x0000000727c00000, 0x0000000727c00000, 0x0000000727e00000|  0%| F|  |TAMS 0x0000000727c00000, 0x0000000727c00000| Untracked 
|  57|0x0000000727e00000, 0x0000000727e00000, 0x0000000728000000|  0%| F|  |TAMS 0x0000000727e00000, 0x0000000727e00000| Untracked 
|  58|0x0000000728000000, 0x0000000728000000, 0x0000000728200000|  0%| F|  |TAMS 0x0000000728000000, 0x0000000728000000| Untracked 
|  59|0x0000000728200000, 0x0000000728200000, 0x0000000728400000|  0%| F|  |TAMS 0x0000000728200000, 0x0000000728200000| Untracked 
|  60|0x0000000728400000, 0x0000000728400000, 0x0000000728600000|  0%| F|  |TAMS 0x0000000728400000, 0x0000000728400000| Untracked 
|  61|0x0000000728600000, 0x0000000728600000, 0x0000000728800000|  0%| F|  |TAMS 0x0000000728600000, 0x0000000728600000| Untracked 
|  62|0x0000000728800000, 0x0000000728800000, 0x0000000728a00000|  0%| F|  |TAMS 0x0000000728800000, 0x0000000728800000| Untracked 
|  63|0x0000000728a00000, 0x0000000728a00000, 0x0000000728c00000|  0%| F|  |TAMS 0x0000000728a00000, 0x0000000728a00000| Untracked 
|  64|0x0000000728c00000, 0x0000000728c00000, 0x0000000728e00000|  0%| F|  |TAMS 0x0000000728c00000, 0x0000000728c00000| Untracked 
|  65|0x0000000728e00000, 0x0000000728e00000, 0x0000000729000000|  0%| F|  |TAMS 0x0000000728e00000, 0x0000000728e00000| Untracked 
|  66|0x0000000729000000, 0x0000000729000000, 0x0000000729200000|  0%| F|  |TAMS 0x0000000729000000, 0x0000000729000000| Untracked 
|  67|0x0000000729200000, 0x0000000729200000, 0x0000000729400000|  0%| F|  |TAMS 0x0000000729200000, 0x0000000729200000| Untracked 
|  68|0x0000000729400000, 0x0000000729400000, 0x0000000729600000|  0%| F|  |TAMS 0x0000000729400000, 0x0000000729400000| Untracked 
|  69|0x0000000729600000, 0x0000000729600000, 0x0000000729800000|  0%| F|  |TAMS 0x0000000729600000, 0x0000000729600000| Untracked 
|  70|0x0000000729800000, 0x0000000729800000, 0x0000000729a00000|  0%| F|  |TAMS 0x0000000729800000, 0x0000000729800000| Untracked 
|  71|0x0000000729a00000, 0x0000000729a00000, 0x0000000729c00000|  0%| F|  |TAMS 0x0000000729a00000, 0x0000000729a00000| Untracked 
|  72|0x0000000729c00000, 0x0000000729c00000, 0x0000000729e00000|  0%| F|  |TAMS 0x0000000729c00000, 0x0000000729c00000| Untracked 
|  73|0x0000000729e00000, 0x0000000729e00000, 0x000000072a000000|  0%| F|  |TAMS 0x0000000729e00000, 0x0000000729e00000| Untracked 
|  74|0x000000072a000000, 0x000000072a000000, 0x000000072a200000|  0%| F|  |TAMS 0x000000072a000000, 0x000000072a000000| Untracked 
|  75|0x000000072a200000, 0x000000072a200000, 0x000000072a400000|  0%| F|  |TAMS 0x000000072a200000, 0x000000072a200000| Untracked 
|  76|0x000000072a400000, 0x000000072a400000, 0x000000072a600000|  0%| F|  |TAMS 0x000000072a400000, 0x000000072a400000| Untracked 
|  77|0x000000072a600000, 0x000000072a600000, 0x000000072a800000|  0%| F|  |TAMS 0x000000072a600000, 0x000000072a600000| Untracked 
|  78|0x000000072a800000, 0x000000072a800000, 0x000000072aa00000|  0%| F|  |TAMS 0x000000072a800000, 0x000000072a800000| Untracked 
|  79|0x000000072aa00000, 0x000000072aa00000, 0x000000072ac00000|  0%| F|  |TAMS 0x000000072aa00000, 0x000000072aa00000| Untracked 
|  80|0x000000072ac00000, 0x000000072ac00000, 0x000000072ae00000|  0%| F|  |TAMS 0x000000072ac00000, 0x000000072ac00000| Untracked 
|  81|0x000000072ae00000, 0x000000072ae00000, 0x000000072b000000|  0%| F|  |TAMS 0x000000072ae00000, 0x000000072ae00000| Untracked 
|  82|0x000000072b000000, 0x000000072b000000, 0x000000072b200000|  0%| F|  |TAMS 0x000000072b000000, 0x000000072b000000| Untracked 
|  83|0x000000072b200000, 0x000000072b200000, 0x000000072b400000|  0%| F|  |TAMS 0x000000072b200000, 0x000000072b200000| Untracked 
|  84|0x000000072b400000, 0x000000072b400000, 0x000000072b600000|  0%| F|  |TAMS 0x000000072b400000, 0x000000072b400000| Untracked 
|  85|0x000000072b600000, 0x000000072b600000, 0x000000072b800000|  0%| F|  |TAMS 0x000000072b600000, 0x000000072b600000| Untracked 
|  86|0x000000072b800000, 0x000000072b800000, 0x000000072ba00000|  0%| F|  |TAMS 0x000000072b800000, 0x000000072b800000| Untracked 
|  87|0x000000072ba00000, 0x000000072ba00000, 0x000000072bc00000|  0%| F|  |TAMS 0x000000072ba00000, 0x000000072ba00000| Untracked 
|  88|0x000000072bc00000, 0x000000072bc00000, 0x000000072be00000|  0%| F|  |TAMS 0x000000072bc00000, 0x000000072bc00000| Untracked 
|  89|0x000000072be00000, 0x000000072be00000, 0x000000072c000000|  0%| F|  |TAMS 0x000000072be00000, 0x000000072be00000| Untracked 
|  90|0x000000072c000000, 0x000000072c000000, 0x000000072c200000|  0%| F|  |TAMS 0x000000072c000000, 0x000000072c000000| Untracked 
|  91|0x000000072c200000, 0x000000072c200000, 0x000000072c400000|  0%| F|  |TAMS 0x000000072c200000, 0x000000072c200000| Untracked 
|  92|0x000000072c400000, 0x000000072c400000, 0x000000072c600000|  0%| F|  |TAMS 0x000000072c400000, 0x000000072c400000| Untracked 
|  93|0x000000072c600000, 0x000000072c600000, 0x000000072c800000|  0%| F|  |TAMS 0x000000072c600000, 0x000000072c600000| Untracked 
|  94|0x000000072c800000, 0x000000072c800000, 0x000000072ca00000|  0%| F|  |TAMS 0x000000072c800000, 0x000000072c800000| Untracked 
|  95|0x000000072ca00000, 0x000000072ca00000, 0x000000072cc00000|  0%| F|  |TAMS 0x000000072ca00000, 0x000000072ca00000| Untracked 
|  96|0x000000072cc00000, 0x000000072cc00000, 0x000000072ce00000|  0%| F|  |TAMS 0x000000072cc00000, 0x000000072cc00000| Untracked 
|  97|0x000000072ce00000, 0x000000072ce00000, 0x000000072d000000|  0%| F|  |TAMS 0x000000072ce00000, 0x000000072ce00000| Untracked 
|  98|0x000000072d000000, 0x000000072d000000, 0x000000072d200000|  0%| F|  |TAMS 0x000000072d000000, 0x000000072d000000| Untracked 
|  99|0x000000072d200000, 0x000000072d200000, 0x000000072d400000|  0%| F|  |TAMS 0x000000072d200000, 0x000000072d200000| Untracked 
| 100|0x000000072d400000, 0x000000072d400000, 0x000000072d600000|  0%| F|  |TAMS 0x000000072d400000, 0x000000072d400000| Untracked 
| 101|0x000000072d600000, 0x000000072d600000, 0x000000072d800000|  0%| F|  |TAMS 0x000000072d600000, 0x000000072d600000| Untracked 
| 102|0x000000072d800000, 0x000000072d800000, 0x000000072da00000|  0%| F|  |TAMS 0x000000072d800000, 0x000000072d800000| Untracked 
| 103|0x000000072da00000, 0x000000072da00000, 0x000000072dc00000|  0%| F|  |TAMS 0x000000072da00000, 0x000000072da00000| Untracked 
| 104|0x000000072dc00000, 0x000000072dc00000, 0x000000072de00000|  0%| F|  |TAMS 0x000000072dc00000, 0x000000072dc00000| Untracked 
| 105|0x000000072de00000, 0x000000072de00000, 0x000000072e000000|  0%| F|  |TAMS 0x000000072de00000, 0x000000072de00000| Untracked 
| 106|0x000000072e000000, 0x000000072e000000, 0x000000072e200000|  0%| F|  |TAMS 0x000000072e000000, 0x000000072e000000| Untracked 
| 107|0x000000072e200000, 0x000000072e200000, 0x000000072e400000|  0%| F|  |TAMS 0x000000072e200000, 0x000000072e200000| Untracked 
| 108|0x000000072e400000, 0x000000072e400000, 0x000000072e600000|  0%| F|  |TAMS 0x000000072e400000, 0x000000072e400000| Untracked 
| 109|0x000000072e600000, 0x000000072e600000, 0x000000072e800000|  0%| F|  |TAMS 0x000000072e600000, 0x000000072e600000| Untracked 
| 110|0x000000072e800000, 0x000000072e8752c8, 0x000000072ea00000| 22%| E|  |TAMS 0x000000072e800000, 0x000000072e800000| Complete 
| 111|0x000000072ea00000, 0x000000072ec00000, 0x000000072ec00000|100%| E|CS|TAMS 0x000000072ea00000, 0x000000072ea00000| Complete 

Card table byte_map: [0x00000224ba120000,0x00000224ba820000] _byte_map_base: 0x00000224b681a000

Marking Bits (Prev, Next): (CMBitMap*) 0x00000224a531d620, (CMBitMap*) 0x00000224a531d660
 Prev Bits: [0x00000224baf20000, 0x00000224be6f0000)
 Next Bits: [0x00000224be6f0000, 0x00000224c1ec0000)

Polling page: 0x00000224a5140000

Metaspace:

Usage:
  Non-class:      4.30 MB used.
      Class:    415.15 KB used.
       Both:      4.71 MB used.

Virtual space:
  Non-class space:        8.00 MB reserved,       4.31 MB ( 54%) committed,  1 nodes.
      Class space:        1.00 GB reserved,     512.00 KB ( <1%) committed,  1 nodes.
             Both:        1.01 GB reserved,       4.81 MB ( <1%) committed. 

Chunk freelists:
   Non-Class:  2.92 MB
       Class:  3.55 MB
        Both:  6.48 MB

MaxMetaspaceSize: unlimited
CompressedClassSpaceSize: 1.00 GB
Initial GC threshold: 21.00 MB
Current GC threshold: 21.00 MB
CDS: off
MetaspaceReclaimPolicy: balanced
 - commit_granule_bytes: 65536.
 - commit_granule_words: 8192.
 - virtual_space_node_default_size: 1048576.
 - enlarge_chunks_in_place: 1.
 - new_chunks_are_fully_committed: 0.
 - uncommit_free_chunks: 1.
 - use_allocation_guard: 0.
 - handle_deallocations: 1.


Internal statistics:

num_allocs_failed_limit: 0.
num_arena_births: 4.
num_arena_deaths: 0.
num_vsnodes_births: 2.
num_vsnodes_deaths: 0.
num_space_committed: 77.
num_space_uncommitted: 0.
num_chunks_returned_to_freelist: 0.
num_chunks_taken_from_freelist: 13.
num_chunk_merges: 0.
num_chunk_splits: 7.
num_chunks_enlarged: 5.
num_purges: 0.
num_inconsistent_stats: 0.

CodeHeap 'non-profiled nmethods': size=120000Kb used=25Kb max_used=25Kb free=119974Kb
 bounds [0x00000224b1a80000, 0x00000224b1cf0000, 0x00000224b8fb0000]
CodeHeap 'profiled nmethods': size=120000Kb used=127Kb max_used=127Kb free=119872Kb
 bounds [0x00000224a9fb0000, 0x00000224aa220000, 0x00000224b14e0000]
CodeHeap 'non-nmethods': size=5760Kb used=1054Kb max_used=1069Kb free=4705Kb
 bounds [0x00000224b14e0000, 0x00000224b1750000, 0x00000224b1a80000]
 total_blobs=415 nmethods=100 adapters=228
 compilation: enabled
              stopped_count=0, restarted_count=0
 full_count=0

Compilation events (20 events):
Event: 0.113 Thread 0x00000224c543e640 nmethod 90 0x00000224b1a84a10 code [0x00000224b1a84b80, 0x00000224b1a84d18]
Event: 0.119 Thread 0x00000224c5668810 nmethod 87 0x00000224b1a84e10 code [0x00000224b1a84fe0, 0x00000224b1a85908]
Event: 0.122 Thread 0x00000224c5465810   92       3       java.lang.String::isEmpty (14 bytes)
Event: 0.122 Thread 0x00000224c5465810 nmethod 92 0x00000224a9fcdf90 code [0x00000224a9fce120, 0x00000224a9fce298]
Event: 0.123 Thread 0x00000224c5465810   93       3       java.lang.CharacterDataLatin1::getProperties (11 bytes)
Event: 0.123 Thread 0x00000224c5465810 nmethod 93 0x00000224a9fce390 code [0x00000224a9fce520, 0x00000224a9fce658]
Event: 0.124 Thread 0x00000224c5465810   94       3       java.lang.String::<init> (15 bytes)
Event: 0.124 Thread 0x00000224c5465810 nmethod 94 0x00000224a9fce710 code [0x00000224a9fce8a0, 0x00000224a9fcea78]
Event: 0.124 Thread 0x00000224c5465810   95       3       java.lang.CharacterDataLatin1::toLowerCase (39 bytes)
Event: 0.124 Thread 0x00000224c5465810 nmethod 95 0x00000224a9fceb10 code [0x00000224a9fcecc0, 0x00000224a9fcef18]
Event: 0.125 Thread 0x00000224c5668810   96       4       java.util.zip.ZipUtils::CENHOW (9 bytes)
Event: 0.125 Thread 0x00000224c5465810   97       3       java.lang.AbstractStringBuilder::putStringAt (12 bytes)
Event: 0.125 Thread 0x00000224c5465810 nmethod 97 0x00000224a9fcf010 code [0x00000224a9fcf1c0, 0x00000224a9fcf408]
Event: 0.125 Thread 0x00000224c5465810   98       3       java.lang.AbstractStringBuilder::putStringAt (34 bytes)
Event: 0.125 Thread 0x00000224c5668810 nmethod 96 0x00000224b1a85f90 code [0x00000224b1a86100, 0x00000224b1a861b8]
Event: 0.125 Thread 0x00000224c5465810 nmethod 98 0x00000224a9fcf590 code [0x00000224a9fcf760, 0x00000224a9fcfa78]
Event: 0.125 Thread 0x00000224c5465810   99       3       java.lang.AbstractStringBuilder::getCoder (15 bytes)
Event: 0.125 Thread 0x00000224c5465810 nmethod 99 0x00000224a9fcfc10 code [0x00000224a9fcfda0, 0x00000224a9fcfed8]
Event: 0.126 Thread 0x00000224c5465810  100       1       java.util.zip.Inflater$InflaterZStreamRef::address (5 bytes)
Event: 0.126 Thread 0x00000224c5465810 nmethod 100 0x00000224b1a86290 code [0x00000224b1a86420, 0x00000224b1a864f8]

GC Heap History (0 events):
No events

Dll operation events (1 events):
Event: 0.006 Loaded shared library D:\Android_Studio\jbr\bin\java.dll

Deoptimization events (20 events):
Event: 0.111 Thread 0x00000224a52baf40 DEOPT PACKING pc=0x00000224a9fc818c sp=0x0000002c1c6fd670
Event: 0.111 Thread 0x00000224a52baf40 DEOPT UNPACKING pc=0x00000224b1537143 sp=0x0000002c1c6fcb00 mode 0
Event: 0.111 Thread 0x00000224a52baf40 DEOPT PACKING pc=0x00000224a9fc818c sp=0x0000002c1c6fd670
Event: 0.111 Thread 0x00000224a52baf40 DEOPT UNPACKING pc=0x00000224b1537143 sp=0x0000002c1c6fcb00 mode 0
Event: 0.111 Thread 0x00000224a52baf40 DEOPT PACKING pc=0x00000224a9fc818c sp=0x0000002c1c6fd670
Event: 0.111 Thread 0x00000224a52baf40 DEOPT UNPACKING pc=0x00000224b1537143 sp=0x0000002c1c6fcb00 mode 0
Event: 0.111 Thread 0x00000224a52baf40 DEOPT PACKING pc=0x00000224a9fc818c sp=0x0000002c1c6fd670
Event: 0.111 Thread 0x00000224a52baf40 DEOPT UNPACKING pc=0x00000224b1537143 sp=0x0000002c1c6fcb00 mode 0
Event: 0.111 Thread 0x00000224a52baf40 DEOPT PACKING pc=0x00000224a9fc818c sp=0x0000002c1c6fd670
Event: 0.111 Thread 0x00000224a52baf40 DEOPT UNPACKING pc=0x00000224b1537143 sp=0x0000002c1c6fcb00 mode 0
Event: 0.111 Thread 0x00000224a52baf40 DEOPT PACKING pc=0x00000224a9fc818c sp=0x0000002c1c6fd670
Event: 0.111 Thread 0x00000224a52baf40 DEOPT UNPACKING pc=0x00000224b1537143 sp=0x0000002c1c6fcb00 mode 0
Event: 0.111 Thread 0x00000224a52baf40 DEOPT PACKING pc=0x00000224a9fc818c sp=0x0000002c1c6fd670
Event: 0.111 Thread 0x00000224a52baf40 DEOPT UNPACKING pc=0x00000224b1537143 sp=0x0000002c1c6fcb00 mode 0
Event: 0.111 Thread 0x00000224a52baf40 DEOPT PACKING pc=0x00000224a9fc818c sp=0x0000002c1c6fd670
Event: 0.111 Thread 0x00000224a52baf40 DEOPT UNPACKING pc=0x00000224b1537143 sp=0x0000002c1c6fcb00 mode 0
Event: 0.111 Thread 0x00000224a52baf40 DEOPT PACKING pc=0x00000224a9fc818c sp=0x0000002c1c6fd670
Event: 0.111 Thread 0x00000224a52baf40 DEOPT UNPACKING pc=0x00000224b1537143 sp=0x0000002c1c6fcb00 mode 0
Event: 0.111 Thread 0x00000224a52baf40 DEOPT PACKING pc=0x00000224a9fc818c sp=0x0000002c1c6fd670
Event: 0.111 Thread 0x00000224a52baf40 DEOPT UNPACKING pc=0x00000224b1537143 sp=0x0000002c1c6fcb00 mode 0

Classes unloaded (0 events):
No events

Classes redefined (0 events):
No events

Internal exceptions (0 events):
No events

VM Operations (2 events):
Event: 0.118 Executing VM operation: HandshakeAllThreads
Event: 0.118 Executing VM operation: HandshakeAllThreads done

Events (20 events):
Event: 0.121 loading class sun/security/util/LazyCodeSourcePermissionCollection
Event: 0.121 loading class java/security/PermissionCollection
Event: 0.121 loading class java/security/PermissionCollection done
Event: 0.121 loading class sun/security/util/LazyCodeSourcePermissionCollection done
Event: 0.121 loading class java/security/Permissions
Event: 0.121 loading class java/security/Permissions done
Event: 0.121 loading class java/lang/RuntimePermission
Event: 0.121 loading class java/lang/RuntimePermission done
Event: 0.121 loading class java/security/BasicPermissionCollection
Event: 0.121 loading class java/security/BasicPermissionCollection done
Event: 0.121 loading class java/security/AllPermission
Event: 0.121 loading class java/security/AllPermission done
Event: 0.121 loading class java/security/UnresolvedPermission
Event: 0.121 loading class java/security/UnresolvedPermission done
Event: 0.121 loading class java/security/SecureClassLoader$DebugHolder
Event: 0.121 loading class java/security/SecureClassLoader$DebugHolder done
Event: 0.121 loading class sun/security/util/Debug
Event: 0.121 loading class sun/security/util/Debug done
Event: 0.124 loading class java/util/concurrent/ConcurrentHashMap$ForwardingNode
Event: 0.124 loading class java/util/concurrent/ConcurrentHashMap$ForwardingNode done


Dynamic libraries:
0x00007ff7bdd80000 - 0x00007ff7bdd8a000 	D:\Android_Studio\jbr\bin\java.exe
0x00007ffe76970000 - 0x00007ffe76b68000 	C:\WINDOWS\SYSTEM32\ntdll.dll
0x00007ffe758b0000 - 0x00007ffe7596d000 	C:\WINDOWS\System32\KERNEL32.DLL
0x00007ffe74540000 - 0x00007ffe74836000 	C:\WINDOWS\System32\KERNELBASE.dll
0x00007ffe742e0000 - 0x00007ffe743e0000 	C:\WINDOWS\System32\ucrtbase.dll
0x00007ffe62ec0000 - 0x00007ffe62ed7000 	D:\Android_Studio\jbr\bin\jli.dll
0x00007ffe6ba00000 - 0x00007ffe6ba1b000 	D:\Android_Studio\jbr\bin\VCRUNTIME140.dll
0x00007ffe76190000 - 0x00007ffe7632e000 	C:\WINDOWS\System32\USER32.dll
0x00007ffe74840000 - 0x00007ffe74862000 	C:\WINDOWS\System32\win32u.dll
0x00007ffe5d850000 - 0x00007ffe5daea000 	C:\WINDOWS\WinSxS\amd64_microsoft.windows.common-controls_6595b64144ccf1df_6.0.19041.3636_none_60b6a03d71f818d5\COMCTL32.dll
0x00007ffe75970000 - 0x00007ffe7599c000 	C:\WINDOWS\System32\GDI32.dll
0x00007ffe76530000 - 0x00007ffe765ce000 	C:\WINDOWS\System32\msvcrt.dll
0x00007ffe74100000 - 0x00007ffe7421a000 	C:\WINDOWS\System32\gdi32full.dll
0x00007ffe743e0000 - 0x00007ffe7447d000 	C:\WINDOWS\System32\msvcp_win.dll
0x00007ffe74d10000 - 0x00007ffe74d40000 	C:\WINDOWS\System32\IMM32.DLL
0x00007ffe6f880000 - 0x00007ffe6f88c000 	D:\Android_Studio\jbr\bin\vcruntime140_1.dll
0x00007ffe60b40000 - 0x00007ffe60bcd000 	D:\Android_Studio\jbr\bin\msvcp140.dll
0x00007ffe11f40000 - 0x00007ffe12bae000 	D:\Android_Studio\jbr\bin\server\jvm.dll
0x00007ffe74c50000 - 0x00007ffe74cff000 	C:\WINDOWS\System32\ADVAPI32.dll
0x00007ffe76070000 - 0x00007ffe7610c000 	C:\WINDOWS\System32\sechost.dll
0x00007ffe75780000 - 0x00007ffe758a6000 	C:\WINDOWS\System32\RPCRT4.dll
0x00007ffe6f050000 - 0x00007ffe6f059000 	C:\WINDOWS\SYSTEM32\WSOCK32.dll
0x00007ffe6ab80000 - 0x00007ffe6aba7000 	C:\WINDOWS\SYSTEM32\WINMM.dll
0x00007ffe6ca10000 - 0x00007ffe6ca1a000 	C:\WINDOWS\SYSTEM32\VERSION.dll
0x00007ffe76410000 - 0x00007ffe7647b000 	C:\WINDOWS\System32\WS2_32.dll
0x00007ffe72110000 - 0x00007ffe72122000 	C:\WINDOWS\SYSTEM32\kernel.appcore.dll
0x00007ffe6f890000 - 0x00007ffe6f89a000 	D:\Android_Studio\jbr\bin\jimage.dll
0x00007ffe71c40000 - 0x00007ffe71e24000 	C:\WINDOWS\SYSTEM32\DBGHELP.DLL
0x00007ffe5a150000 - 0x00007ffe5a184000 	C:\WINDOWS\SYSTEM32\dbgcore.DLL
0x00007ffe74220000 - 0x00007ffe742a2000 	C:\WINDOWS\System32\bcryptPrimitives.dll
0x00007ffe6f850000 - 0x00007ffe6f875000 	D:\Android_Studio\jbr\bin\java.dll
0x00007ffe6bbd0000 - 0x00007ffe6bbe8000 	D:\Android_Studio\jbr\bin\zip.dll
0x00007ffe74d40000 - 0x00007ffe75484000 	C:\WINDOWS\System32\SHELL32.dll
0x00007ffe72130000 - 0x00007ffe728cb000 	C:\WINDOWS\SYSTEM32\windows.storage.dll
0x00007ffe765d0000 - 0x00007ffe76924000 	C:\WINDOWS\System32\combase.dll
0x00007ffe739c0000 - 0x00007ffe739ed000 	C:\WINDOWS\SYSTEM32\Wldp.dll
0x00007ffe76480000 - 0x00007ffe7652d000 	C:\WINDOWS\System32\SHCORE.dll
0x00007ffe75490000 - 0x00007ffe754e5000 	C:\WINDOWS\System32\shlwapi.dll
0x00007ffe73f80000 - 0x00007ffe73fa5000 	C:\WINDOWS\SYSTEM32\profapi.dll
0x00007ffe6bb50000 - 0x00007ffe6bb69000 	D:\Android_Studio\jbr\bin\net.dll
0x00007ffe6ccc0000 - 0x00007ffe6cdca000 	C:\WINDOWS\SYSTEM32\WINHTTP.dll
0x00007ffe73720000 - 0x00007ffe7378a000 	C:\WINDOWS\system32\mswsock.dll
0x00007ffe62f20000 - 0x00007ffe62f36000 	D:\Android_Studio\jbr\bin\nio.dll

dbghelp: loaded successfully - version: 4.0.5 - missing functions: none
symbol engine: initialized successfully - sym options: 0x614 - pdb path: .;D:\Android_Studio\jbr\bin;C:\WINDOWS\SYSTEM32;C:\WINDOWS\WinSxS\amd64_microsoft.windows.common-controls_6595b64144ccf1df_6.0.19041.3636_none_60b6a03d71f818d5;D:\Android_Studio\jbr\bin\server

VM Arguments:
java_command: org.jetbrains.kotlin.cli.jvm.K2JVMCompiler @C:\Users\lukak\Desktop\2023-DAP-RIMASA-main\TPFinalDAP\app\build\20231115_9219173898818110242.compiler.options
java_class_path (initial): C:\Users\lukak\.gradle\caches\modules-2\files-2.1\org.jetbrains.kotlin\kotlin-compiler-embeddable\1.8.0\eb9118d4bcceaa2a94b2ae2a33a4ddba7c9a947f\kotlin-compiler-embeddable-1.8.0.jar;C:\Users\lukak\.gradle\caches\modules-2\files-2.1\org.jetbrains.kotlin\kotlin-stdlib\1.8.0\1796921c7a3e2e2665a83e6c8d33399336cd39bc\kotlin-stdlib-1.8.0.jar;C:\Users\lukak\.gradle\caches\modules-2\files-2.1\org.jetbrains.kotlin\kotlin-script-runtime\1.8.0\b2f7e760d283cb339974851c222a4c1d48f2d3d\kotlin-script-runtime-1.8.0.jar;C:\Users\lukak\.gradle\caches\modules-2\files-2.1\org.jetbrains.kotlin\kotlin-reflect\1.6.10\1cbe9c92c12a94eea200d23c2bbaedaf3daf5132\kotlin-reflect-1.6.10.jar;C:\Users\lukak\.gradle\caches\modules-2\files-2.1\org.jetbrains.kotlin\kotlin-daemon-embeddable\1.8.0\d255216c551685dc3a7e852b53617f5f01aaaa5c\kotlin-daemon-embeddable-1.8.0.jar;C:\Users\lukak\.gradle\caches\modules-2\files-2.1\org.jetbrains.intellij.deps\trove4j\1.0.20200330\3afb14d5f9ceb459d724e907a21145e8ff394f02\trove4j-1.0.20200330.jar;C:\Users\lukak\.gradle\caches\modules-2\files-2.1\net.java.dev.jna\jna\5.6.0\330f2244e9030119ab3030fc3fededc86713d9cc\jna-5.6.0.jar;C:\Users\lukak\.gradle\caches\modules-2\files-2.1\org.jetbrains.kotlin\kotlin-stdlib-common\1.8.0\f7197e7cc76453ac59f8b0f8d5137cc600becd36\kotlin-stdlib-common-1.8.0.jar;C:\Users\lukak\.gradle\caches\modules-2\files-2.1\org.jetbrains\annotations\13.0\919f0dfe192fb4e063e7dacadee7f8bb9a2672a9\annotations-13.0.jar
Launcher Type: SUN_STANDARD

[Global flags]
     intx CICompilerCount                          = 4                                         {product} {ergonomic}
     uint ConcGCThreads                            = 2                                         {product} {ergonomic}
     uint G1ConcRefinementThreads                  = 8                                         {product} {ergonomic}
   size_t G1HeapRegionSize                         = 2097152                                   {product} {ergonomic}
    uintx GCDrainStackTargetSize                   = 64                                        {product} {ergonomic}
   size_t InitialHeapSize                          = 234881024                                 {product} {ergonomic}
   size_t MarkStackSize                            = 4194304                                   {product} {ergonomic}
   size_t MaxHeapSize                              = 3745513472                                {product} {ergonomic}
   size_t MaxNewSize                               = 2246049792                                {product} {ergonomic}
   size_t MinHeapDeltaBytes                        = 2097152                                   {product} {ergonomic}
   size_t MinHeapSize                              = 8388608                                   {product} {ergonomic}
    uintx NonNMethodCodeHeapSize                   = 5839372                                {pd product} {ergonomic}
    uintx NonProfiledCodeHeapSize                  = 122909434                              {pd product} {ergonomic}
    uintx ProfiledCodeHeapSize                     = 122909434                              {pd product} {ergonomic}
    uintx ReservedCodeCacheSize                    = 251658240                              {pd product} {ergonomic}
     bool SegmentedCodeCache                       = true                                      {product} {ergonomic}
   size_t SoftMaxHeapSize                          = 3745513472                             {manageable} {ergonomic}
     bool UseCompressedClassPointers               = true                           {product lp64_product} {ergonomic}
     bool UseCompressedOops                        = true                           {product lp64_product} {ergonomic}
     bool UseG1GC                                  = true                                      {product} {ergonomic}
     bool UseLargePagesIndividualAllocation        = false                                  {pd product} {ergonomic}

Logging:
Log output configuration:
 #0: stdout all=warning uptime,level,tags
 #1: stderr all=off uptime,level,tags

Environment Variables:
PATH=C:\Program Files (x86)\Common Files\Oracle\Java\javapath;C:\WINDOWS\system32;C:\WINDOWS;C:\WINDOWS\System32\Wbem;C:\WINDOWS\System32\WindowsPowerShell\v1.0\;C:\WINDOWS\System32\OpenSSH\;C:\Program Files\dotnet\;C:\Program Files\Git\cmd;C:\Users\lukak\AppData\Local\Microsoft\WindowsApps;C:\Users\lukak\AppData\Local\GitHubDesktop\bin
USERNAME=lukak
OS=Windows_NT
PROCESSOR_IDENTIFIER=AMD64 Family 23 Model 24 Stepping 1, AuthenticAMD
TMP=C:\Users\lukak\AppData\Local\Temp
TEMP=C:\Users\lukak\AppData\Local\Temp


JNI global refs:
JNI global refs: 8, weak refs: 0

JNI global refs memory usage: 843, weak refs: 209


---------------  S Y S T E M  ---------------

OS:
 Windows 10 , 64 bit Build 19041 (10.0.19041.3636)
OS uptime: 0 days 3:02 hours

CPU: total 8 (initial active 8) (8 cores per cpu, 2 threads per core) family 23 model 24 stepping 1 microcode 0x0, cx8, cmov, fxsr, ht, mmx, 3dnowpref, sse, sse2, sse3, ssse3, sse4a, sse4.1, sse4.2, popcnt, lzcnt, tsc, tscinvbit, avx, avx2, aes, clmul, bmi1, bmi2, adx, sha, fma, vzeroupper, clflush, clflushopt

Memory: 4k page, system-wide physical 14284M (1842M free)
TotalPageFile size 16332M (AvailPageFile size 4M)
current process WorkingSet (physical memory assigned to process): 35M, peak: 35M
current process commit charge ("private bytes"): 304M, peak: 304M

vm_info: OpenJDK 64-Bit Server VM (17.0.6+0-b2043.56-10027231) for windows-amd64 JRE (17.0.6+0-b2043.56-10027231), built on Apr 28 2023 00:43:19 by "androidbuild" with MS VC++ 16.10 / 16.11 (VS2019)

END.
