#
# There is insufficient memory for the Java Runtime Environment to continue.
# Native memory allocation (malloc) failed to allocate 580736 bytes for Chunk::new
# Possible reasons:
#   The system is out of physical RAM or swap space
#   The process is running with CompressedOops enabled, and the Java Heap may be blocking the growth of the native heap
# Possible solutions:
#   Reduce memory load on the system
#   Increase physical memory or swap space
#   Check if swap backing store is full
#   Decrease Java heap size (-Xmx/-Xms)
#   Decrease number of Java threads
#   Decrease Java thread stack sizes (-Xss)
#   Set larger code cache with -XX:ReservedCodeCacheSize=
#   JVM is running with Zero Based Compressed Oops mode in which the Java heap is
#     placed in the first 32GB address space. The Java Heap base address is the
#     maximum limit for the native heap growth. Please use -XX:HeapBaseMinAddress
#     to set the Java Heap base and to place the Java Heap above 32GB virtual address.
# This output file may be truncated or incomplete.
#
#  Out of Memory Error (arena.cpp:189), pid=3568, tid=13304
#
# JRE version: OpenJDK Runtime Environment (17.0.6) (build 17.0.6+0-b2043.56-10027231)
# Java VM: OpenJDK 64-Bit Server VM (17.0.6+0-b2043.56-10027231, mixed mode, tiered, compressed oops, compressed class ptrs, g1 gc, windows-amd64)
# No core dump will be written. Minidumps are not enabled by default on client versions of Windows
#

---------------  S U M M A R Y ------------

Command Line: org.jetbrains.kotlin.cli.jvm.K2JVMCompiler @C:\Users\lukak\Desktop\2023-DAP-RIMASA-main\TPFinalDAP\app\build\20231115_12986253570724627718.compiler.options

Host: AMD Ryzen 5 3400G with Radeon Vega Graphics    , 8 cores, 13G,  Windows 10 , 64 bit Build 19041 (10.0.19041.3636)
Time: Wed Nov 15 21:23:30 2023 Hora estándar de Argentina elapsed time: 14.238165 seconds (0d 0h 0m 14s)

---------------  T H R E A D  ---------------

Current thread (0x00000298e3db5720):  JavaThread "C2 CompilerThread1" daemon [_thread_in_native, id=13304, stack(0x000000dc6d700000,0x000000dc6d800000)]


Current CompileTask:
C2:  14238 11452       4       org.jetbrains.kotlin.ir.util.TypeTranslator::translateTypeAnnotations (230 bytes)

Stack: [0x000000dc6d700000,0x000000dc6d800000]
Native frames: (J=compiled Java code, j=interpreted, Vv=VM code, C=native code)
V  [jvm.dll+0x683c9a]
V  [jvm.dll+0x8427a4]
V  [jvm.dll+0x843f9e]
V  [jvm.dll+0x844603]
V  [jvm.dll+0x249b75]
V  [jvm.dll+0xabcac]
V  [jvm.dll+0xac27c]
V  [jvm.dll+0x2b0eef]
V  [jvm.dll+0x58a267]
V  [jvm.dll+0x2243b2]
V  [jvm.dll+0x21d8bf]
V  [jvm.dll+0x21b51b]
V  [jvm.dll+0x1a4fdd]
V  [jvm.dll+0x22b098]
V  [jvm.dll+0x229159]
V  [jvm.dll+0x7f81ec]
V  [jvm.dll+0x7f274a]
V  [jvm.dll+0x682ad5]
C  [ucrtbase.dll+0x21bb2]
C  [KERNEL32.DLL+0x17344]
C  [ntdll.dll+0x526b1]


---------------  P R O C E S S  ---------------

Threads class SMR info:
_java_thread_list=0x00000298e4581060, length=14, elements={
0x00000298c40da7b0, 0x00000298e24447a0, 0x00000298e2445640, 0x00000298e24884d0,
0x00000298e248ada0, 0x00000298e248b660, 0x00000298e248bf20, 0x00000298e248cb10,
0x00000298e248f420, 0x00000298e248fd20, 0x00000298e25f7150, 0x00000298e25f8630,
0x00000298e3db5720, 0x00000298e69e1f00
}

Java Threads: ( => current thread )
  0x00000298c40da7b0 JavaThread "main" [_thread_in_Java, id=14476, stack(0x000000dc6c400000,0x000000dc6c500000)]
  0x00000298e24447a0 JavaThread "Reference Handler" daemon [_thread_blocked, id=5744, stack(0x000000dc6cb00000,0x000000dc6cc00000)]
  0x00000298e2445640 JavaThread "Finalizer" daemon [_thread_blocked, id=1420, stack(0x000000dc6cc00000,0x000000dc6cd00000)]
  0x00000298e24884d0 JavaThread "Signal Dispatcher" daemon [_thread_blocked, id=16016, stack(0x000000dc6cd00000,0x000000dc6ce00000)]
  0x00000298e248ada0 JavaThread "Attach Listener" daemon [_thread_blocked, id=1520, stack(0x000000dc6ce00000,0x000000dc6cf00000)]
  0x00000298e248b660 JavaThread "Service Thread" daemon [_thread_blocked, id=12616, stack(0x000000dc6cf00000,0x000000dc6d000000)]
  0x00000298e248bf20 JavaThread "Monitor Deflation Thread" daemon [_thread_blocked, id=1480, stack(0x000000dc6d000000,0x000000dc6d100000)]
  0x00000298e248cb10 JavaThread "C2 CompilerThread0" daemon [_thread_blocked, id=14484, stack(0x000000dc6d100000,0x000000dc6d200000)]
  0x00000298e248f420 JavaThread "C1 CompilerThread0" daemon [_thread_in_native, id=9448, stack(0x000000dc6d200000,0x000000dc6d300000)]
  0x00000298e248fd20 JavaThread "Sweeper thread" daemon [_thread_blocked, id=8892, stack(0x000000dc6d300000,0x000000dc6d400000)]
  0x00000298e25f7150 JavaThread "Notification Thread" daemon [_thread_blocked, id=15600, stack(0x000000dc6d400000,0x000000dc6d500000)]
  0x00000298e25f8630 JavaThread "Common-Cleaner" daemon [_thread_blocked, id=14072, stack(0x000000dc6d600000,0x000000dc6d700000)]
=>0x00000298e3db5720 JavaThread "C2 CompilerThread1" daemon [_thread_in_native, id=13304, stack(0x000000dc6d700000,0x000000dc6d800000)]
  0x00000298e69e1f00 JavaThread "C2 CompilerThread2" daemon [_thread_in_native, id=6220, stack(0x000000dc6e000000,0x000000dc6e100000)]

Other Threads:
  0x00000298e1807bb0 VMThread "VM Thread" [stack: 0x000000dc6ca00000,0x000000dc6cb00000] [id=1124]
  0x00000298e17c53d0 WatcherThread [stack: 0x000000dc6d500000,0x000000dc6d600000] [id=11368]
  0x00000298c413b880 GCTaskThread "GC Thread#0" [stack: 0x000000dc6c500000,0x000000dc6c600000] [id=8360]
  0x00000298e2adf720 GCTaskThread "GC Thread#1" [stack: 0x000000dc6d800000,0x000000dc6d900000] [id=10732]
  0x00000298e2adf9d0 GCTaskThread "GC Thread#2" [stack: 0x000000dc6d900000,0x000000dc6da00000] [id=10236]
  0x00000298e2adfc80 GCTaskThread "GC Thread#3" [stack: 0x000000dc6da00000,0x000000dc6db00000] [id=6328]
  0x00000298e2bd45f0 GCTaskThread "GC Thread#4" [stack: 0x000000dc6db00000,0x000000dc6dc00000] [id=6844]
  0x00000298e2ec7870 GCTaskThread "GC Thread#5" [stack: 0x000000dc6dc00000,0x000000dc6dd00000] [id=13572]
  0x00000298e2ec7b20 GCTaskThread "GC Thread#6" [stack: 0x000000dc6dd00000,0x000000dc6de00000] [id=10692]
  0x00000298e2ec7dd0 GCTaskThread "GC Thread#7" [stack: 0x000000dc6de00000,0x000000dc6df00000] [id=14020]
  0x00000298c414a700 ConcurrentGCThread "G1 Main Marker" [stack: 0x000000dc6c600000,0x000000dc6c700000] [id=8188]
  0x00000298c414c520 ConcurrentGCThread "G1 Conc#0" [stack: 0x000000dc6c700000,0x000000dc6c800000] [id=15652]
  0x00000298e2ec8080 ConcurrentGCThread "G1 Conc#1" [stack: 0x000000dc6df00000,0x000000dc6e000000] [id=8584]
  0x00000298e1690150 ConcurrentGCThread "G1 Refine#0" [stack: 0x000000dc6c800000,0x000000dc6c900000] [id=14772]
  0x00000298e1691090 ConcurrentGCThread "G1 Service" [stack: 0x000000dc6c900000,0x000000dc6ca00000] [id=6492]

Threads with active compile tasks:
C1 CompilerThread0    14272 11595       3       org.jetbrains.kotlin.ir.builders.IrGeneratorContextBase::<init> (16 bytes)
C2 CompilerThread1    14273 11452       4       org.jetbrains.kotlin.ir.util.TypeTranslator::translateTypeAnnotations (230 bytes)
C2 CompilerThread2    14273 11319       4       org.jetbrains.kotlin.ir.util.TypeTranslator::translateType (625 bytes)

VM state: not at safepoint (normal execution)

VM Mutex/Monitor currently owned by a thread: None

Heap address: 0x0000000720c00000, size: 3572 MB, Compressed Oops mode: Zero based, Oop shift amount: 3

CDS archive(s) not mapped
Compressed class space mapped at: 0x0000000800000000-0x0000000840000000, reserved size: 1073741824
Narrow klass base: 0x0000000800000000, Narrow klass shift: 0, Narrow klass range: 0x40000000

GC Precious Log:
 CPUs: 8 total, 8 available
 Memory: 14284M
 Large Page Support: Disabled
 NUMA Support: Disabled
 Compressed Oops: Enabled (Zero based)
 Heap Region Size: 2M
 Heap Min Capacity: 8M
 Heap Initial Capacity: 224M
 Heap Max Capacity: 3572M
 Pre-touch: Disabled
 Parallel Workers: 8
 Concurrent Workers: 2
 Concurrent Refinement Workers: 8
 Periodic GC: Disabled

Heap:
 garbage-first heap   total 122880K, used 75282K [0x0000000720c00000, 0x0000000800000000)
  region size 2048K, 6 young (12288K), 2 survivors (4096K)
 Metaspace       used 76599K, committed 76928K, reserved 1122304K
  class space    used 8605K, committed 8768K, reserved 1048576K

Heap Regions: E=young(eden), S=young(survivor), O=old, HS=humongous(starts), HC=humongous(continues), CS=collection set, F=free, OA=open archive, CA=closed archive, TAMS=top-at-mark-start (previous, next)
|   0|0x0000000720c00000, 0x0000000720e00000, 0x0000000720e00000|100%|HS|  |TAMS 0x0000000720e00000, 0x0000000720c00000| Complete 
|   1|0x0000000720e00000, 0x0000000721000000, 0x0000000721000000|100%|HC|  |TAMS 0x0000000721000000, 0x0000000720e00000| Complete 
|   2|0x0000000721000000, 0x0000000721200000, 0x0000000721200000|100%|HS|  |TAMS 0x0000000721200000, 0x0000000721000000| Complete 
|   3|0x0000000721200000, 0x0000000721400000, 0x0000000721400000|100%|HS|  |TAMS 0x0000000721400000, 0x0000000721200000| Complete 
|   4|0x0000000721400000, 0x0000000721600000, 0x0000000721600000|100%|HC|  |TAMS 0x0000000721600000, 0x0000000721400000| Complete 
|   5|0x0000000721600000, 0x0000000721800000, 0x0000000721800000|100%| O|  |TAMS 0x0000000721800000, 0x0000000721600000| Untracked 
|   6|0x0000000721800000, 0x0000000721a00000, 0x0000000721a00000|100%| O|  |TAMS 0x0000000721a00000, 0x0000000721800000| Untracked 
|   7|0x0000000721a00000, 0x0000000721c00000, 0x0000000721c00000|100%| O|  |TAMS 0x0000000721c00000, 0x0000000721a00000| Untracked 
|   8|0x0000000721c00000, 0x0000000721e00000, 0x0000000721e00000|100%| O|  |TAMS 0x0000000721e00000, 0x0000000721c00000| Untracked 
|   9|0x0000000721e00000, 0x0000000722000000, 0x0000000722000000|100%| O|  |TAMS 0x0000000722000000, 0x0000000721e00000| Untracked 
|  10|0x0000000722000000, 0x000000072214fc00, 0x0000000722200000| 65%| O|  |TAMS 0x000000072214fc00, 0x0000000722000000| Untracked 
|  11|0x0000000722200000, 0x0000000722400000, 0x0000000722400000|100%| O|  |TAMS 0x0000000722400000, 0x0000000722200000| Untracked 
|  12|0x0000000722400000, 0x0000000722600000, 0x0000000722600000|100%| O|  |TAMS 0x0000000722600000, 0x0000000722400000| Untracked 
|  13|0x0000000722600000, 0x0000000722800000, 0x0000000722800000|100%| O|  |TAMS 0x0000000722800000, 0x0000000722600000| Untracked 
|  14|0x0000000722800000, 0x0000000722a00000, 0x0000000722a00000|100%| O|  |TAMS 0x0000000722a00000, 0x0000000722800000| Untracked 
|  15|0x0000000722a00000, 0x0000000722c00000, 0x0000000722c00000|100%| O|  |TAMS 0x0000000722c00000, 0x0000000722a00000| Untracked 
|  16|0x0000000722c00000, 0x0000000722e00000, 0x0000000722e00000|100%| O|  |TAMS 0x0000000722e00000, 0x0000000722c00000| Untracked 
|  17|0x0000000722e00000, 0x0000000723000000, 0x0000000723000000|100%| O|  |TAMS 0x0000000723000000, 0x0000000722e00000| Untracked 
|  18|0x0000000723000000, 0x0000000723200000, 0x0000000723200000|100%| O|  |TAMS 0x0000000723200000, 0x0000000723000000| Untracked 
|  19|0x0000000723200000, 0x0000000723400000, 0x0000000723400000|100%| O|  |TAMS 0x0000000723400000, 0x0000000723200000| Untracked 
|  20|0x0000000723400000, 0x0000000723600000, 0x0000000723600000|100%| O|  |TAMS 0x0000000723600000, 0x0000000723400000| Untracked 
|  21|0x0000000723600000, 0x0000000723800000, 0x0000000723800000|100%| O|  |TAMS 0x0000000723800000, 0x0000000723600000| Untracked 
|  22|0x0000000723800000, 0x0000000723a00000, 0x0000000723a00000|100%| O|  |TAMS 0x0000000723a00000, 0x0000000723800000| Untracked 
|  23|0x0000000723a00000, 0x0000000723c00000, 0x0000000723c00000|100%| O|  |TAMS 0x0000000723c00000, 0x0000000723a00000| Untracked 
|  24|0x0000000723c00000, 0x0000000723e00000, 0x0000000723e00000|100%| O|  |TAMS 0x0000000723e00000, 0x0000000723c00000| Untracked 
|  25|0x0000000723e00000, 0x0000000724000000, 0x0000000724000000|100%| O|  |TAMS 0x0000000724000000, 0x0000000723e00000| Untracked 
|  26|0x0000000724000000, 0x0000000724200000, 0x0000000724200000|100%| O|  |TAMS 0x0000000724200000, 0x0000000724000000| Untracked 
|  27|0x0000000724200000, 0x0000000724400000, 0x0000000724400000|100%| O|  |TAMS 0x0000000724400000, 0x0000000724200000| Untracked 
|  28|0x0000000724400000, 0x0000000724600000, 0x0000000724600000|100%| O|  |TAMS 0x0000000724600000, 0x0000000724400000| Untracked 
|  29|0x0000000724600000, 0x0000000724800000, 0x0000000724800000|100%| O|  |TAMS 0x0000000724703000, 0x0000000724600000| Untracked 
|  30|0x0000000724800000, 0x0000000724a00000, 0x0000000724a00000|100%| O|  |TAMS 0x0000000724800000, 0x0000000724800000| Untracked 
|  31|0x0000000724a00000, 0x0000000724c00000, 0x0000000724c00000|100%| O|  |TAMS 0x0000000724a00000, 0x0000000724a00000| Untracked 
|  32|0x0000000724c00000, 0x0000000724dafe00, 0x0000000724e00000| 84%| O|  |TAMS 0x0000000724c00000, 0x0000000724c00000| Untracked 
|  33|0x0000000724e00000, 0x0000000724e00000, 0x0000000725000000|  0%| F|  |TAMS 0x0000000724e00000, 0x0000000724e00000| Untracked 
|  34|0x0000000725000000, 0x0000000725000000, 0x0000000725200000|  0%| F|  |TAMS 0x0000000725000000, 0x0000000725000000| Untracked 
|  35|0x0000000725200000, 0x0000000725200000, 0x0000000725400000|  0%| F|  |TAMS 0x0000000725200000, 0x0000000725200000| Untracked 
|  36|0x0000000725400000, 0x0000000725400000, 0x0000000725600000|  0%| F|  |TAMS 0x0000000725400000, 0x0000000725400000| Untracked 
|  37|0x0000000725600000, 0x0000000725600000, 0x0000000725800000|  0%| F|  |TAMS 0x0000000725600000, 0x0000000725600000| Untracked 
|  38|0x0000000725800000, 0x0000000725800000, 0x0000000725a00000|  0%| F|  |TAMS 0x0000000725800000, 0x0000000725800000| Untracked 
|  39|0x0000000725a00000, 0x0000000725a00000, 0x0000000725c00000|  0%| F|  |TAMS 0x0000000725a00000, 0x0000000725a00000| Untracked 
|  40|0x0000000725c00000, 0x0000000725c84fd8, 0x0000000725e00000| 25%| S|CS|TAMS 0x0000000725c00000, 0x0000000725c00000| Complete 
|  41|0x0000000725e00000, 0x0000000725e00000, 0x0000000726000000|  0%| F|  |TAMS 0x0000000725e00000, 0x0000000725e00000| Untracked 
|  42|0x0000000726000000, 0x0000000726000000, 0x0000000726200000|  0%| F|  |TAMS 0x0000000726000000, 0x0000000726000000| Untracked 
|  43|0x0000000726200000, 0x0000000726200000, 0x0000000726400000|  0%| F|  |TAMS 0x0000000726200000, 0x0000000726200000| Untracked 
|  44|0x0000000726400000, 0x0000000726600000, 0x0000000726600000|100%| S|CS|TAMS 0x0000000726400000, 0x0000000726400000| Complete 
|  45|0x0000000726600000, 0x0000000726600000, 0x0000000726800000|  0%| F|  |TAMS 0x0000000726600000, 0x0000000726600000| Untracked 
|  46|0x0000000726800000, 0x0000000726800000, 0x0000000726a00000|  0%| F|  |TAMS 0x0000000726800000, 0x0000000726800000| Untracked 
|  47|0x0000000726a00000, 0x0000000726a00000, 0x0000000726c00000|  0%| F|  |TAMS 0x0000000726a00000, 0x0000000726a00000| Untracked 
|  48|0x0000000726c00000, 0x0000000726c00000, 0x0000000726e00000|  0%| F|  |TAMS 0x0000000726c00000, 0x0000000726c00000| Untracked 
|  49|0x0000000726e00000, 0x0000000726e00000, 0x0000000727000000|  0%| F|  |TAMS 0x0000000726e00000, 0x0000000726e00000| Untracked 
|  50|0x0000000727000000, 0x0000000727000000, 0x0000000727200000|  0%| F|  |TAMS 0x0000000727000000, 0x0000000727000000| Untracked 
|  51|0x0000000727200000, 0x0000000727200000, 0x0000000727400000|  0%| F|  |TAMS 0x0000000727200000, 0x0000000727200000| Untracked 
|  52|0x0000000727400000, 0x0000000727400000, 0x0000000727600000|  0%| F|  |TAMS 0x0000000727400000, 0x0000000727400000| Untracked 
|  53|0x0000000727600000, 0x0000000727600000, 0x0000000727800000|  0%| F|  |TAMS 0x0000000727600000, 0x0000000727600000| Untracked 
|  54|0x0000000727800000, 0x0000000727800000, 0x0000000727a00000|  0%| F|  |TAMS 0x0000000727800000, 0x0000000727800000| Untracked 
|  55|0x0000000727a00000, 0x0000000727a00000, 0x0000000727c00000|  0%| F|  |TAMS 0x0000000727a00000, 0x0000000727a00000| Untracked 
|  56|0x0000000727c00000, 0x0000000727d1b498, 0x0000000727e00000| 55%| E|  |TAMS 0x0000000727c00000, 0x0000000727c00000| Complete 
| 107|0x000000072e200000, 0x000000072e400000, 0x000000072e400000|100%| E|CS|TAMS 0x000000072e200000, 0x000000072e200000| Complete 
| 108|0x000000072e400000, 0x000000072e600000, 0x000000072e600000|100%| E|CS|TAMS 0x000000072e400000, 0x000000072e400000| Complete 
| 111|0x000000072ea00000, 0x000000072ec00000, 0x000000072ec00000|100%| E|CS|TAMS 0x000000072ea00000, 0x000000072ea00000| Complete 

Card table byte_map: [0x00000298d6fe0000,0x00000298d76e0000] _byte_map_base: 0x00000298d36da000

Marking Bits (Prev, Next): (CMBitMap*) 0x00000298c413be90, (CMBitMap*) 0x00000298c413bed0
 Prev Bits: [0x00000298d7de0000, 0x00000298db5b0000)
 Next Bits: [0x00000298db5b0000, 0x00000298ded80000)

Polling page: 0x00000298c2040000

Metaspace:

Usage:
  Non-class:     66.40 MB used.
      Class:      8.40 MB used.
       Both:     74.80 MB used.

Virtual space:
  Non-class space:       72.00 MB reserved,      66.56 MB ( 92%) committed,  9 nodes.
      Class space:        1.00 GB reserved,       8.56 MB ( <1%) committed,  1 nodes.
             Both:        1.07 GB reserved,      75.12 MB (  7%) committed. 

Chunk freelists:
   Non-Class:  1.28 MB
       Class:  3.42 MB
        Both:  4.70 MB

MaxMetaspaceSize: unlimited
CompressedClassSpaceSize: 1.00 GB
Initial GC threshold: 21.00 MB
Current GC threshold: 112.94 MB
CDS: off
MetaspaceReclaimPolicy: balanced
 - commit_granule_bytes: 65536.
 - commit_granule_words: 8192.
 - virtual_space_node_default_size: 1048576.
 - enlarge_chunks_in_place: 1.
 - new_chunks_are_fully_committed: 0.
 - uncommit_free_chunks: 1.
 - use_allocation_guard: 0.
 - handle_deallocations: 1.


Internal statistics:

num_allocs_failed_limit: 9.
num_arena_births: 334.
num_arena_deaths: 0.
num_vsnodes_births: 10.
num_vsnodes_deaths: 0.
num_space_committed: 1200.
num_space_uncommitted: 0.
num_chunks_returned_to_freelist: 9.
num_chunks_taken_from_freelist: 2714.
num_chunk_merges: 9.
num_chunk_splits: 2231.
num_chunks_enlarged: 1967.
num_purges: 0.
num_inconsistent_stats: 0.

CodeHeap 'non-profiled nmethods': size=120000Kb used=5184Kb max_used=5184Kb free=114815Kb
 bounds [0x00000298cf080000, 0x00000298cf5a0000, 0x00000298d65b0000]
CodeHeap 'profiled nmethods': size=120000Kb used=27901Kb max_used=27901Kb free=92098Kb
 bounds [0x00000298c75b0000, 0x00000298c9110000, 0x00000298ceae0000]
CodeHeap 'non-nmethods': size=5760Kb used=1398Kb max_used=1440Kb free=4361Kb
 bounds [0x00000298ceae0000, 0x00000298ced50000, 0x00000298cf080000]
 total_blobs=10576 nmethods=9850 adapters=634
 compilation: enabled
              stopped_count=0, restarted_count=0
 full_count=0

Compilation events (20 events):
Event: 14.230 Thread 0x00000298e248f420 nmethod 11514 0x00000298cf583b90 code [0x00000298cf583d20, 0x00000298cf583df8]
Event: 14.230 Thread 0x00000298e248f420 11517       3       org.jetbrains.kotlin.ir.visitors.IrElementTransformerVoid::visitFunctionReference (10 bytes)
Event: 14.230 Thread 0x00000298e248cb10 nmethod 11465 0x00000298cf583e90 code [0x00000298cf584040, 0x00000298cf584848]
Event: 14.230 Thread 0x00000298e248cb10 11453       4       org.jetbrains.kotlin.ir.visitors.IrElementTransformerVoid::visitMemberAccess (16 bytes)
Event: 14.231 Thread 0x00000298e248f420 nmethod 11517 0x00000298c90c4610 code [0x00000298c90c4840, 0x00000298c90c5028]
Event: 14.231 Thread 0x00000298e248f420 11518       3       org.jetbrains.kotlin.ir.visitors.IrElementTransformerVoid::visitFunctionReference (16 bytes)
Event: 14.231 Thread 0x00000298e248cb10 nmethod 11453 0x00000298cf584b90 code [0x00000298cf584d00, 0x00000298cf584db8]
Event: 14.231 Thread 0x00000298e248cb10 11478       4       org.jetbrains.kotlin.ir.util.TypeTranslator::isMutabilityFlexible (82 bytes)
Event: 14.232 Thread 0x00000298e248f420 nmethod 11518 0x00000298c90c5310 code [0x00000298c90c5520, 0x00000298c90c5ba8]
Event: 14.232 Thread 0x00000298e248f420 11520       3       org.jetbrains.kotlin.backend.common.DeclarationTransformer$Visitor::visitConst (13 bytes)
Event: 14.233 Thread 0x00000298e248f420 nmethod 11520 0x00000298c90c5e10 code [0x00000298c90c6100, 0x00000298c90c6fe8]
Event: 14.233 Thread 0x00000298e248f420 11521       3       org.jetbrains.kotlin.backend.common.DeclarationTransformer$Visitor::visitFunctionAccess (6 bytes)
Event: 14.233 Thread 0x00000298e248f420 nmethod 11521 0x00000298c90c7510 code [0x00000298c90c77e0, 0x00000298c90c8498]
Event: 14.233 Thread 0x00000298e248f420 11522       3       org.jetbrains.kotlin.backend.common.DeclarationTransformer$Visitor::visitGetValue (13 bytes)
Event: 14.235 Thread 0x00000298e248f420 nmethod 11522 0x00000298c90c8910 code [0x00000298c90c8c00, 0x00000298c90c9a18]
Event: 14.235 Thread 0x00000298e248f420 11527       3       org.jetbrains.kotlin.backend.common.DefaultDelegateFactory$newMappingImpl$1::get (17 bytes)
Event: 14.235 Thread 0x00000298e248f420 nmethod 11527 0x00000298c90c9f10 code [0x00000298c90ca120, 0x00000298c90ca7a8]
Event: 14.235 Thread 0x00000298e248f420 11526       3       org.jetbrains.kotlin.ir.util.DeepCopySymbolRemapper::getReferenced (19 bytes)
Event: 14.236 Thread 0x00000298e248f420 nmethod 11526 0x00000298c81bc310 code [0x00000298c81bc4c0, 0x00000298c81bc808]
Event: 14.236 Thread 0x00000298e248f420 11525       3       org.jetbrains.kotlin.ir.visitors.IrElementTransformerVoid::<init> (5 bytes)

GC Heap History (20 events):
Event: 3.523 GC heap before
{Heap before GC invocations=8 (full 0):
 garbage-first heap   total 143360K, used 28266K [0x0000000720c00000, 0x0000000800000000)
  region size 2048K, 4 young (8192K), 2 survivors (4096K)
 Metaspace       used 35870K, committed 36096K, reserved 1081344K
  class space    used 4504K, committed 4608K, reserved 1048576K
}
Event: 3.527 GC heap after
{Heap after GC invocations=9 (full 0):
 garbage-first heap   total 143360K, used 26560K [0x0000000720c00000, 0x0000000800000000)
  region size 2048K, 2 young (4096K), 2 survivors (4096K)
 Metaspace       used 35870K, committed 36096K, reserved 1081344K
  class space    used 4504K, committed 4608K, reserved 1048576K
}
Event: 4.883 GC heap before
{Heap before GC invocations=10 (full 0):
 garbage-first heap   total 102400K, used 83904K [0x0000000720c00000, 0x0000000800000000)
  region size 2048K, 30 young (61440K), 2 survivors (4096K)
 Metaspace       used 48088K, committed 48384K, reserved 1097728K
  class space    used 5781K, committed 5952K, reserved 1048576K
}
Event: 4.899 GC heap after
{Heap after GC invocations=11 (full 0):
 garbage-first heap   total 102400K, used 30404K [0x0000000720c00000, 0x0000000800000000)
  region size 2048K, 4 young (8192K), 4 survivors (8192K)
 Metaspace       used 48088K, committed 48384K, reserved 1097728K
  class space    used 5781K, committed 5952K, reserved 1048576K
}
Event: 5.393 GC heap before
{Heap before GC invocations=11 (full 0):
 garbage-first heap   total 102400K, used 73412K [0x0000000720c00000, 0x0000000800000000)
  region size 2048K, 24 young (49152K), 4 survivors (8192K)
 Metaspace       used 50363K, committed 50688K, reserved 1097728K
  class space    used 6051K, committed 6208K, reserved 1048576K
}
Event: 5.411 GC heap after
{Heap after GC invocations=12 (full 0):
 garbage-first heap   total 102400K, used 36571K [0x0000000720c00000, 0x0000000800000000)
  region size 2048K, 2 young (4096K), 2 survivors (4096K)
 Metaspace       used 50363K, committed 50688K, reserved 1097728K
  class space    used 6051K, committed 6208K, reserved 1048576K
}
Event: 6.577 GC heap before
{Heap before GC invocations=12 (full 0):
 garbage-first heap   total 102400K, used 75483K [0x0000000720c00000, 0x0000000800000000)
  region size 2048K, 21 young (43008K), 2 survivors (4096K)
 Metaspace       used 53383K, committed 53696K, reserved 1097728K
  class space    used 6281K, committed 6400K, reserved 1048576K
}
Event: 6.596 GC heap after
{Heap after GC invocations=13 (full 0):
 garbage-first heap   total 102400K, used 43507K [0x0000000720c00000, 0x0000000800000000)
  region size 2048K, 3 young (6144K), 3 survivors (6144K)
 Metaspace       used 53383K, committed 53696K, reserved 1097728K
  class space    used 6281K, committed 6400K, reserved 1048576K
}
Event: 7.428 GC heap before
{Heap before GC invocations=13 (full 0):
 garbage-first heap   total 102400K, used 76275K [0x0000000720c00000, 0x0000000800000000)
  region size 2048K, 19 young (38912K), 3 survivors (6144K)
 Metaspace       used 53972K, committed 54272K, reserved 1097728K
  class space    used 6313K, committed 6464K, reserved 1048576K
}
Event: 7.456 GC heap after
{Heap after GC invocations=14 (full 0):
 garbage-first heap   total 122880K, used 49981K [0x0000000720c00000, 0x0000000800000000)
  region size 2048K, 3 young (6144K), 3 survivors (6144K)
 Metaspace       used 53972K, committed 54272K, reserved 1097728K
  class space    used 6313K, committed 6464K, reserved 1048576K
}
Event: 8.900 GC heap before
{Heap before GC invocations=14 (full 0):
 garbage-first heap   total 122880K, used 90941K [0x0000000720c00000, 0x0000000800000000)
  region size 2048K, 23 young (47104K), 3 survivors (6144K)
 Metaspace       used 58487K, committed 58752K, reserved 1105920K
  class space    used 6828K, committed 6976K, reserved 1048576K
}
Event: 8.925 GC heap after
{Heap after GC invocations=15 (full 0):
 garbage-first heap   total 122880K, used 55981K [0x0000000720c00000, 0x0000000800000000)
  region size 2048K, 3 young (6144K), 3 survivors (6144K)
 Metaspace       used 58487K, committed 58752K, reserved 1105920K
  class space    used 6828K, committed 6976K, reserved 1048576K
}
Event: 10.266 GC heap before
{Heap before GC invocations=15 (full 0):
 garbage-first heap   total 122880K, used 78509K [0x0000000720c00000, 0x0000000800000000)
  region size 2048K, 15 young (30720K), 3 survivors (6144K)
 Metaspace       used 60196K, committed 60480K, reserved 1105920K
  class space    used 6898K, committed 7040K, reserved 1048576K
}
Event: 10.285 GC heap after
{Heap after GC invocations=16 (full 0):
 garbage-first heap   total 122880K, used 59331K [0x0000000720c00000, 0x0000000800000000)
  region size 2048K, 2 young (4096K), 2 survivors (4096K)
 Metaspace       used 60196K, committed 60480K, reserved 1105920K
  class space    used 6898K, committed 7040K, reserved 1048576K
}
Event: 12.181 GC heap before
{Heap before GC invocations=17 (full 0):
 garbage-first heap   total 122880K, used 94147K [0x0000000720c00000, 0x0000000800000000)
  region size 2048K, 19 young (38912K), 2 survivors (4096K)
 Metaspace       used 63859K, committed 64192K, reserved 1105920K
  class space    used 7228K, committed 7360K, reserved 1048576K
}
Event: 12.196 GC heap after
{Heap after GC invocations=18 (full 0):
 garbage-first heap   total 122880K, used 62507K [0x0000000720c00000, 0x0000000800000000)
  region size 2048K, 2 young (4096K), 2 survivors (4096K)
 Metaspace       used 63859K, committed 64192K, reserved 1105920K
  class space    used 7228K, committed 7360K, reserved 1048576K
}
Event: 13.249 GC heap before
{Heap before GC invocations=18 (full 0):
 garbage-first heap   total 122880K, used 93227K [0x0000000720c00000, 0x0000000800000000)
  region size 2048K, 18 young (36864K), 2 survivors (4096K)
 Metaspace       used 68469K, committed 68736K, reserved 1114112K
  class space    used 7685K, committed 7808K, reserved 1048576K
}
Event: 13.268 GC heap after
{Heap after GC invocations=19 (full 0):
 garbage-first heap   total 122880K, used 66598K [0x0000000720c00000, 0x0000000800000000)
  region size 2048K, 3 young (6144K), 3 survivors (6144K)
 Metaspace       used 68469K, committed 68736K, reserved 1114112K
  class space    used 7685K, committed 7808K, reserved 1048576K
}
Event: 14.036 GC heap before
{Heap before GC invocations=20 (full 0):
 garbage-first heap   total 122880K, used 97318K [0x0000000720c00000, 0x0000000800000000)
  region size 2048K, 18 young (36864K), 3 survivors (6144K)
 Metaspace       used 75527K, committed 75840K, reserved 1122304K
  class space    used 8499K, committed 8640K, reserved 1048576K
}
Event: 14.052 GC heap after
{Heap after GC invocations=21 (full 0):
 garbage-first heap   total 122880K, used 69138K [0x0000000720c00000, 0x0000000800000000)
  region size 2048K, 2 young (4096K), 2 survivors (4096K)
 Metaspace       used 75527K, committed 75840K, reserved 1122304K
  class space    used 8499K, committed 8640K, reserved 1048576K
}

Dll operation events (2 events):
Event: 0.010 Loaded shared library D:\Android_Studio\jbr\bin\java.dll
Event: 1.459 Loaded shared library D:\Android_Studio\jbr\bin\verify.dll

Deoptimization events (20 events):
Event: 14.155 Thread 0x00000298c40da7b0 Uncommon trap: trap_request=0xffffffde fr.pc=0x00000298cf42cfb4 relative=0x0000000000000114
Event: 14.155 Thread 0x00000298c40da7b0 Uncommon trap: reason=class_check action=maybe_recompile pc=0x00000298cf42cfb4 method=org.jetbrains.kotlin.backend.common.UtilsKt.pop(Ljava/util/List;)Ljava/lang/Object; @ 8 c2
Event: 14.155 Thread 0x00000298c40da7b0 DEOPT PACKING pc=0x00000298cf42cfb4 sp=0x000000dc6c4f98a0
Event: 14.155 Thread 0x00000298c40da7b0 DEOPT UNPACKING pc=0x00000298ceb369a3 sp=0x000000dc6c4f9858 mode 2
Event: 14.157 Thread 0x00000298c40da7b0 Uncommon trap: trap_request=0xffffffde fr.pc=0x00000298cf42cfb4 relative=0x0000000000000114
Event: 14.157 Thread 0x00000298c40da7b0 Uncommon trap: reason=class_check action=maybe_recompile pc=0x00000298cf42cfb4 method=org.jetbrains.kotlin.backend.common.UtilsKt.pop(Ljava/util/List;)Ljava/lang/Object; @ 8 c2
Event: 14.157 Thread 0x00000298c40da7b0 DEOPT PACKING pc=0x00000298cf42cfb4 sp=0x000000dc6c4fbe60
Event: 14.157 Thread 0x00000298c40da7b0 DEOPT UNPACKING pc=0x00000298ceb369a3 sp=0x000000dc6c4fbe18 mode 2
Event: 14.157 Thread 0x00000298c40da7b0 Uncommon trap: trap_request=0xffffffde fr.pc=0x00000298cf4e3e18 relative=0x00000000000005f8
Event: 14.157 Thread 0x00000298c40da7b0 Uncommon trap: reason=class_check action=maybe_recompile pc=0x00000298cf4e3e18 method=org.jetbrains.kotlin.backend.common.UtilsKt.push(Ljava/util/List;Ljava/lang/Object;)Z @ 8 c2
Event: 14.157 Thread 0x00000298c40da7b0 DEOPT PACKING pc=0x00000298cf4e3e18 sp=0x000000dc6c4fd8c0
Event: 14.157 Thread 0x00000298c40da7b0 DEOPT UNPACKING pc=0x00000298ceb369a3 sp=0x000000dc6c4fd8a8 mode 2
Event: 14.158 Thread 0x00000298c40da7b0 Uncommon trap: trap_request=0xffffffde fr.pc=0x00000298cf42cfb4 relative=0x0000000000000114
Event: 14.158 Thread 0x00000298c40da7b0 Uncommon trap: reason=class_check action=maybe_recompile pc=0x00000298cf42cfb4 method=org.jetbrains.kotlin.backend.common.UtilsKt.pop(Ljava/util/List;)Ljava/lang/Object; @ 8 c2
Event: 14.158 Thread 0x00000298c40da7b0 DEOPT PACKING pc=0x00000298cf42cfb4 sp=0x000000dc6c4fd910
Event: 14.158 Thread 0x00000298c40da7b0 DEOPT UNPACKING pc=0x00000298ceb369a3 sp=0x000000dc6c4fd8c8 mode 2
Event: 14.158 Thread 0x00000298c40da7b0 Uncommon trap: trap_request=0xffffffde fr.pc=0x00000298cf42cfb4 relative=0x0000000000000114
Event: 14.158 Thread 0x00000298c40da7b0 Uncommon trap: reason=class_check action=maybe_recompile pc=0x00000298cf42cfb4 method=org.jetbrains.kotlin.backend.common.UtilsKt.pop(Ljava/util/List;)Ljava/lang/Object; @ 8 c2
Event: 14.158 Thread 0x00000298c40da7b0 DEOPT PACKING pc=0x00000298cf42cfb4 sp=0x000000dc6c4fdd20
Event: 14.158 Thread 0x00000298c40da7b0 DEOPT UNPACKING pc=0x00000298ceb369a3 sp=0x000000dc6c4fdcd8 mode 2

Classes unloaded (0 events):
No events

Classes redefined (0 events):
No events

Internal exceptions (20 events):
Event: 7.741 Thread 0x00000298c40da7b0 Exception <a 'java/lang/NoSuchMethodError'{0x0000000727695958}: 'java.lang.Object java.lang.invoke.DirectMethodHandle$Holder.newInvokeSpecial(java.lang.Object, java.lang.Object, java.lang.Object, java.lang.Object, java.lang.Object, java.lang.Object)'> (0x0000000727695958) 
thrown [s\src\hotspot\share\interpreter\linkResolver.cpp, line 771]
Event: 7.915 Thread 0x00000298c40da7b0 Implicit null exception at 0x00000298cf1effcc to 0x00000298cf1f00b4
Event: 8.318 Thread 0x00000298c40da7b0 Exception <a 'java/lang/NoSuchMethodError'{0x0000000726b83518}: 'java.lang.Object java.lang.invoke.DirectMethodHandle$Holder.invokeInterface(java.lang.Object, java.lang.Object, java.lang.Object)'> (0x0000000726b83518) 
thrown [s\src\hotspot\share\interpreter\linkResolver.cpp, line 771]
Event: 8.318 Thread 0x00000298c40da7b0 Exception <a 'java/lang/IncompatibleClassChangeError'{0x0000000726b86e88}: Found class java.lang.Object, but interface was expected> (0x0000000726b86e88) 
thrown [s\src\hotspot\share\interpreter\linkResolver.cpp, line 838]
Event: 8.457 Thread 0x00000298c40da7b0 Implicit null exception at 0x00000298cf37125c to 0x00000298cf372360
Event: 8.656 Thread 0x00000298c40da7b0 Exception <a 'java/lang/NoSuchMethodError'{0x00000007263cbb48}: 'java.lang.Object java.lang.invoke.DirectMethodHandle$Holder.invokeStatic(java.lang.Object, int, java.lang.Object)'> (0x00000007263cbb48) 
thrown [s\src\hotspot\share\interpreter\linkResolver.cpp, line 771]
Event: 8.717 Thread 0x00000298c40da7b0 Exception <a 'java/lang/NoSuchMethodError'{0x0000000725e1cd40}: 'java.lang.Object java.lang.invoke.DirectMethodHandle$Holder.newInvokeSpecial(java.lang.Object, int, java.lang.Object, java.lang.Object)'> (0x0000000725e1cd40) 
thrown [s\src\hotspot\share\interpreter\linkResolver.cpp, line 771]
Event: 10.004 Thread 0x00000298c40da7b0 Implicit null exception at 0x00000298cf09ad72 to 0x00000298cf09b350
Event: 10.041 Thread 0x00000298c40da7b0 Implicit null exception at 0x00000298cf09caf2 to 0x00000298cf09d0e4
Event: 10.090 Thread 0x00000298c40da7b0 Exception <a 'java/lang/NoSuchMethodError'{0x00000007271a1fa8}: 'java.lang.Object java.lang.invoke.DirectMethodHandle$Holder.newInvokeSpecial(java.lang.Object, java.lang.Object, java.lang.Object, java.lang.Object, java.lang.Object, java.lang.Object, java.lang.Object)'> (0x00000007271a1fa8) 
thrown [s\src\hotspot\share\interpreter\linkResolver.cpp, line 771]
Event: 10.091 Thread 0x00000298c40da7b0 Exception <a 'java/lang/NoSuchMethodError'{0x00000007271a7600}: 'java.lang.Object java.lang.invoke.Invokers$Holder.linkToTargetMethod(java.lang.Object, java.lang.Object, java.lang.Object, java.lang.Object, java.lang.Object, java.lang.Object, java.lang.Object)'> (0x00000007271a7600) 
thrown [s\src\hotspot\share\interpreter\linkResolver.cpp, line 771]
Event: 10.748 Thread 0x00000298c40da7b0 Implicit null exception at 0x00000298cf4271ac to 0x00000298cf427265
Event: 10.995 Thread 0x00000298c40da7b0 Exception <a 'java/lang/NoSuchMethodError'{0x0000000727af76c0}: 'int java.lang.invoke.DirectMethodHandle$Holder.invokeStaticInit(java.lang.Object, int)'> (0x0000000727af76c0) 
thrown [s\src\hotspot\share\interpreter\linkResolver.cpp, line 771]
Event: 11.022 Thread 0x00000298c40da7b0 Implicit null exception at 0x00000298cf40af70 to 0x00000298cf40b033
Event: 11.737 Thread 0x00000298c40da7b0 Implicit null exception at 0x00000298cf119bef to 0x00000298cf119de4
Event: 12.103 Thread 0x00000298c40da7b0 Exception <a 'java/lang/NoSuchMethodError'{0x00000007260f5db8}: 'java.lang.Object java.lang.invoke.DirectMethodHandle$Holder.invokeStaticInit(java.lang.Object, java.lang.Object, java.lang.Object, java.lang.Object)'> (0x00000007260f5db8) 
thrown [s\src\hotspot\share\interpreter\linkResolver.cpp, line 771]
Event: 12.363 Thread 0x00000298c40da7b0 Implicit null exception at 0x00000298cf0e6c58 to 0x00000298cf0e6cee
Event: 12.416 Thread 0x00000298c40da7b0 Exception <a 'java/lang/NoSuchMethodError'{0x0000000727b60070}: 'java.lang.Object java.lang.invoke.DirectMethodHandle$Holder.newInvokeSpecial(java.lang.Object, java.lang.Object, java.lang.Object, int, int)'> (0x0000000727b60070) 
thrown [s\src\hotspot\share\interpreter\linkResolver.cpp, line 771]
Event: 12.417 Thread 0x00000298c40da7b0 Exception <a 'java/lang/NoSuchMethodError'{0x0000000727b63eb0}: 'java.lang.Object java.lang.invoke.DirectMethodHandle$Holder.invokeSpecial(java.lang.Object, java.lang.Object, java.lang.Object, java.lang.Object, int, int)'> (0x0000000727b63eb0) 
thrown [s\src\hotspot\share\interpreter\linkResolver.cpp, line 771]
Event: 12.463 Thread 0x00000298c40da7b0 Exception <a 'java/lang/NoSuchMethodError'{0x0000000727878570}: 'java.lang.Object java.lang.invoke.DirectMethodHandle$Holder.invokeSpecial(java.lang.Object, java.lang.Object, int, int, java.lang.Object, java.lang.Object, java.lang.Object, java.lang.Object, java.lang.Object)'> (0x0000000727878570) 
thrown [s\src\hotspot\share\interpreter\linkResolver.cpp, line 771]

VM Operations (20 events):
Event: 13.763 Executing VM operation: ICBufferFull
Event: 13.764 Executing VM operation: ICBufferFull done
Event: 13.938 Executing VM operation: HandshakeAllThreads
Event: 13.938 Executing VM operation: HandshakeAllThreads done
Event: 13.949 Executing VM operation: ICBufferFull
Event: 13.949 Executing VM operation: ICBufferFull done
Event: 14.036 Executing VM operation: G1CollectForAllocation
Event: 14.052 Executing VM operation: G1CollectForAllocation done
Event: 14.086 Executing VM operation: HandshakeAllThreads
Event: 14.086 Executing VM operation: HandshakeAllThreads done
Event: 14.087 Executing VM operation: HandshakeAllThreads
Event: 14.087 Executing VM operation: HandshakeAllThreads done
Event: 14.153 Executing VM operation: HandshakeAllThreads
Event: 14.153 Executing VM operation: HandshakeAllThreads done
Event: 14.155 Executing VM operation: HandshakeAllThreads
Event: 14.155 Executing VM operation: HandshakeAllThreads done
Event: 14.169 Executing VM operation: HandshakeAllThreads
Event: 14.169 Executing VM operation: HandshakeAllThreads done
Event: 14.221 Executing VM operation: ICBufferFull
Event: 14.223 Executing VM operation: ICBufferFull done

Events (20 events):
Event: 13.755 Thread 0x00000298e248fd20 flushing nmethod 0x00000298c8a94090
Event: 13.755 Thread 0x00000298e248fd20 flushing nmethod 0x00000298c8a9dd10
Event: 13.755 Thread 0x00000298e248fd20 flushing nmethod 0x00000298c8aa1690
Event: 13.755 Thread 0x00000298e248fd20 flushing nmethod 0x00000298c8aa7710
Event: 13.756 Thread 0x00000298e248fd20 flushing nmethod 0x00000298c8b58d10
Event: 13.756 Thread 0x00000298e248fd20 flushing nmethod 0x00000298c8b80890
Event: 13.756 Thread 0x00000298e248fd20 flushing nmethod 0x00000298c8b83610
Event: 13.757 Thread 0x00000298e248fd20 flushing nmethod 0x00000298c8cd7310
Event: 13.758 Thread 0x00000298e248fd20 flushing nmethod 0x00000298c8cd8810
Event: 13.759 Thread 0x00000298e248fd20 flushing nmethod 0x00000298c8e1da10
Event: 13.759 Thread 0x00000298e248fd20 flushing nmethod 0x00000298c8e23290
Event: 13.759 Thread 0x00000298e248fd20 flushing nmethod 0x00000298c8e2c190
Event: 13.759 Thread 0x00000298e248fd20 flushing nmethod 0x00000298c8e3f110
Event: 13.759 Thread 0x00000298e248fd20 flushing nmethod 0x00000298c8e6ff10
Event: 13.759 Thread 0x00000298e248fd20 flushing nmethod 0x00000298c8e83090
Event: 13.760 Thread 0x00000298e248fd20 flushing nmethod 0x00000298c8f2f490
Event: 13.760 Thread 0x00000298e248fd20 flushing nmethod 0x00000298c8f32e90
Event: 13.760 Thread 0x00000298e248fd20 flushing nmethod 0x00000298c8f73610
Event: 13.761 Thread 0x00000298e248fd20 flushing nmethod 0x00000298c901bd90
Event: 13.761 Thread 0x00000298e248fd20 flushing nmethod 0x00000298c9020e90


Dynamic libraries:
0x00007ff7bdd80000 - 0x00007ff7bdd8a000 	D:\Android_Studio\jbr\bin\java.exe
0x00007ffe76970000 - 0x00007ffe76b68000 	C:\WINDOWS\SYSTEM32\ntdll.dll
0x00007ffe758b0000 - 0x00007ffe7596d000 	C:\WINDOWS\System32\KERNEL32.DLL
0x00007ffe74540000 - 0x00007ffe74836000 	C:\WINDOWS\System32\KERNELBASE.dll
0x00007ffe742e0000 - 0x00007ffe743e0000 	C:\WINDOWS\System32\ucrtbase.dll
0x00007ffe62ec0000 - 0x00007ffe62ed7000 	D:\Android_Studio\jbr\bin\jli.dll
0x00007ffe6ba00000 - 0x00007ffe6ba1b000 	D:\Android_Studio\jbr\bin\VCRUNTIME140.dll
0x00007ffe76190000 - 0x00007ffe7632e000 	C:\WINDOWS\System32\USER32.dll
0x00007ffe74840000 - 0x00007ffe74862000 	C:\WINDOWS\System32\win32u.dll
0x00007ffe5d850000 - 0x00007ffe5daea000 	C:\WINDOWS\WinSxS\amd64_microsoft.windows.common-controls_6595b64144ccf1df_6.0.19041.3636_none_60b6a03d71f818d5\COMCTL32.dll
0x00007ffe75970000 - 0x00007ffe7599c000 	C:\WINDOWS\System32\GDI32.dll
0x00007ffe76530000 - 0x00007ffe765ce000 	C:\WINDOWS\System32\msvcrt.dll
0x00007ffe74100000 - 0x00007ffe7421a000 	C:\WINDOWS\System32\gdi32full.dll
0x00007ffe743e0000 - 0x00007ffe7447d000 	C:\WINDOWS\System32\msvcp_win.dll
0x00007ffe74d10000 - 0x00007ffe74d40000 	C:\WINDOWS\System32\IMM32.DLL
0x00007ffe6f880000 - 0x00007ffe6f88c000 	D:\Android_Studio\jbr\bin\vcruntime140_1.dll
0x00007ffe60b40000 - 0x00007ffe60bcd000 	D:\Android_Studio\jbr\bin\msvcp140.dll
0x00007ffe11f40000 - 0x00007ffe12bae000 	D:\Android_Studio\jbr\bin\server\jvm.dll
0x00007ffe74c50000 - 0x00007ffe74cff000 	C:\WINDOWS\System32\ADVAPI32.dll
0x00007ffe76070000 - 0x00007ffe7610c000 	C:\WINDOWS\System32\sechost.dll
0x00007ffe75780000 - 0x00007ffe758a6000 	C:\WINDOWS\System32\RPCRT4.dll
0x00007ffe6f050000 - 0x00007ffe6f059000 	C:\WINDOWS\SYSTEM32\WSOCK32.dll
0x00007ffe76410000 - 0x00007ffe7647b000 	C:\WINDOWS\System32\WS2_32.dll
0x00007ffe6ab80000 - 0x00007ffe6aba7000 	C:\WINDOWS\SYSTEM32\WINMM.dll
0x00007ffe6ca10000 - 0x00007ffe6ca1a000 	C:\WINDOWS\SYSTEM32\VERSION.dll
0x00007ffe72110000 - 0x00007ffe72122000 	C:\WINDOWS\SYSTEM32\kernel.appcore.dll
0x00007ffe6f890000 - 0x00007ffe6f89a000 	D:\Android_Studio\jbr\bin\jimage.dll
0x00007ffe71c40000 - 0x00007ffe71e24000 	C:\WINDOWS\SYSTEM32\DBGHELP.DLL
0x00007ffe5a150000 - 0x00007ffe5a184000 	C:\WINDOWS\SYSTEM32\dbgcore.DLL
0x00007ffe74220000 - 0x00007ffe742a2000 	C:\WINDOWS\System32\bcryptPrimitives.dll
0x00007ffe6f850000 - 0x00007ffe6f875000 	D:\Android_Studio\jbr\bin\java.dll
0x00007ffe6bbd0000 - 0x00007ffe6bbe8000 	D:\Android_Studio\jbr\bin\zip.dll
0x00007ffe74d40000 - 0x00007ffe75484000 	C:\WINDOWS\System32\SHELL32.dll
0x00007ffe72130000 - 0x00007ffe728cb000 	C:\WINDOWS\SYSTEM32\windows.storage.dll
0x00007ffe765d0000 - 0x00007ffe76924000 	C:\WINDOWS\System32\combase.dll
0x00007ffe739c0000 - 0x00007ffe739ed000 	C:\WINDOWS\SYSTEM32\Wldp.dll
0x00007ffe76480000 - 0x00007ffe7652d000 	C:\WINDOWS\System32\SHCORE.dll
0x00007ffe75490000 - 0x00007ffe754e5000 	C:\WINDOWS\System32\shlwapi.dll
0x00007ffe73f80000 - 0x00007ffe73fa5000 	C:\WINDOWS\SYSTEM32\profapi.dll
0x00007ffe6bb50000 - 0x00007ffe6bb69000 	D:\Android_Studio\jbr\bin\net.dll
0x00007ffe6ccc0000 - 0x00007ffe6cdca000 	C:\WINDOWS\SYSTEM32\WINHTTP.dll
0x00007ffe73720000 - 0x00007ffe7378a000 	C:\WINDOWS\system32\mswsock.dll
0x00007ffe62f20000 - 0x00007ffe62f36000 	D:\Android_Studio\jbr\bin\nio.dll
0x00007ffe6f840000 - 0x00007ffe6f850000 	D:\Android_Studio\jbr\bin\verify.dll

dbghelp: loaded successfully - version: 4.0.5 - missing functions: none
symbol engine: initialized successfully - sym options: 0x614 - pdb path: .;D:\Android_Studio\jbr\bin;C:\WINDOWS\SYSTEM32;C:\WINDOWS\WinSxS\amd64_microsoft.windows.common-controls_6595b64144ccf1df_6.0.19041.3636_none_60b6a03d71f818d5;D:\Android_Studio\jbr\bin\server

VM Arguments:
java_command: org.jetbrains.kotlin.cli.jvm.K2JVMCompiler @C:\Users\lukak\Desktop\2023-DAP-RIMASA-main\TPFinalDAP\app\build\20231115_12986253570724627718.compiler.options
java_class_path (initial): C:\Users\lukak\.gradle\caches\modules-2\files-2.1\org.jetbrains.kotlin\kotlin-compiler-embeddable\1.8.0\eb9118d4bcceaa2a94b2ae2a33a4ddba7c9a947f\kotlin-compiler-embeddable-1.8.0.jar;C:\Users\lukak\.gradle\caches\modules-2\files-2.1\org.jetbrains.kotlin\kotlin-stdlib\1.8.0\1796921c7a3e2e2665a83e6c8d33399336cd39bc\kotlin-stdlib-1.8.0.jar;C:\Users\lukak\.gradle\caches\modules-2\files-2.1\org.jetbrains.kotlin\kotlin-script-runtime\1.8.0\b2f7e760d283cb339974851c222a4c1d48f2d3d\kotlin-script-runtime-1.8.0.jar;C:\Users\lukak\.gradle\caches\modules-2\files-2.1\org.jetbrains.kotlin\kotlin-reflect\1.6.10\1cbe9c92c12a94eea200d23c2bbaedaf3daf5132\kotlin-reflect-1.6.10.jar;C:\Users\lukak\.gradle\caches\modules-2\files-2.1\org.jetbrains.kotlin\kotlin-daemon-embeddable\1.8.0\d255216c551685dc3a7e852b53617f5f01aaaa5c\kotlin-daemon-embeddable-1.8.0.jar;C:\Users\lukak\.gradle\caches\modules-2\files-2.1\org.jetbrains.intellij.deps\trove4j\1.0.20200330\3afb14d5f9ceb459d724e907a21145e8ff394f02\trove4j-1.0.20200330.jar;C:\Users\lukak\.gradle\caches\modules-2\files-2.1\net.java.dev.jna\jna\5.6.0\330f2244e9030119ab3030fc3fededc86713d9cc\jna-5.6.0.jar;C:\Users\lukak\.gradle\caches\modules-2\files-2.1\org.jetbrains.kotlin\kotlin-stdlib-common\1.8.0\f7197e7cc76453ac59f8b0f8d5137cc600becd36\kotlin-stdlib-common-1.8.0.jar;C:\Users\lukak\.gradle\caches\modules-2\files-2.1\org.jetbrains\annotations\13.0\919f0dfe192fb4e063e7dacadee7f8bb9a2672a9\annotations-13.0.jar
Launcher Type: SUN_STANDARD

[Global flags]
     intx CICompilerCount                          = 4                                         {product} {ergonomic}
     uint ConcGCThreads                            = 2                                         {product} {ergonomic}
     uint G1ConcRefinementThreads                  = 8                                         {product} {ergonomic}
   size_t G1HeapRegionSize                         = 2097152                                   {product} {ergonomic}
    uintx GCDrainStackTargetSize                   = 64                                        {product} {ergonomic}
   size_t InitialHeapSize                          = 234881024                                 {product} {ergonomic}
   size_t MarkStackSize                            = 4194304                                   {product} {ergonomic}
   size_t MaxHeapSize                              = 3745513472                                {product} {ergonomic}
   size_t MaxNewSize                               = 2246049792                                {product} {ergonomic}
   size_t MinHeapDeltaBytes                        = 2097152                                   {product} {ergonomic}
   size_t MinHeapSize                              = 8388608                                   {product} {ergonomic}
    uintx NonNMethodCodeHeapSize                   = 5839372                                {pd product} {ergonomic}
    uintx NonProfiledCodeHeapSize                  = 122909434                              {pd product} {ergonomic}
    uintx ProfiledCodeHeapSize                     = 122909434                              {pd product} {ergonomic}
    uintx ReservedCodeCacheSize                    = 251658240                              {pd product} {ergonomic}
     bool SegmentedCodeCache                       = true                                      {product} {ergonomic}
   size_t SoftMaxHeapSize                          = 3745513472                             {manageable} {ergonomic}
     bool UseCompressedClassPointers               = true                           {product lp64_product} {ergonomic}
     bool UseCompressedOops                        = true                           {product lp64_product} {ergonomic}
     bool UseG1GC                                  = true                                      {product} {ergonomic}
     bool UseLargePagesIndividualAllocation        = false                                  {pd product} {ergonomic}

Logging:
Log output configuration:
 #0: stdout all=warning uptime,level,tags
 #1: stderr all=off uptime,level,tags

Environment Variables:
PATH=C:\Program Files (x86)\Common Files\Oracle\Java\javapath;C:\WINDOWS\system32;C:\WINDOWS;C:\WINDOWS\System32\Wbem;C:\WINDOWS\System32\WindowsPowerShell\v1.0\;C:\WINDOWS\System32\OpenSSH\;C:\Program Files\dotnet\;C:\Program Files\Git\cmd;C:\Users\lukak\AppData\Local\Microsoft\WindowsApps;C:\Users\lukak\AppData\Local\GitHubDesktop\bin
USERNAME=lukak
OS=Windows_NT
PROCESSOR_IDENTIFIER=AMD64 Family 23 Model 24 Stepping 1, AuthenticAMD
TMP=C:\Users\lukak\AppData\Local\Temp
TEMP=C:\Users\lukak\AppData\Local\Temp


JNI global refs:
JNI global refs: 13, weak refs: 12

JNI global refs memory usage: 843, weak refs: 841


---------------  S Y S T E M  ---------------

OS:
 Windows 10 , 64 bit Build 19041 (10.0.19041.3636)
OS uptime: 0 days 3:01 hours

CPU: total 8 (initial active 8) (8 cores per cpu, 2 threads per core) family 23 model 24 stepping 1 microcode 0x0, cx8, cmov, fxsr, ht, mmx, 3dnowpref, sse, sse2, sse3, ssse3, sse4a, sse4.1, sse4.2, popcnt, lzcnt, tsc, tscinvbit, avx, avx2, aes, clmul, bmi1, bmi2, adx, sha, fma, vzeroupper, clflush, clflushopt

Memory: 4k page, system-wide physical 14284M (1449M free)
TotalPageFile size 16332M (AvailPageFile size 5M)
current process WorkingSet (physical memory assigned to process): 327M, peak: 327M
current process commit charge ("private bytes"): 364M, peak: 365M

vm_info: OpenJDK 64-Bit Server VM (17.0.6+0-b2043.56-10027231) for windows-amd64 JRE (17.0.6+0-b2043.56-10027231), built on Apr 28 2023 00:43:19 by "androidbuild" with MS VC++ 16.10 / 16.11 (VS2019)

END.
